Using pre-set license
Built from '2020.3/release' branch; Version is '2020.3.0f1 (ac674f7398) revision 11298639'; Using compiler version '191627045'; Build Type 'Release'
OS: 'Windows 10 Pro; OS build 19042.1237; Version 2009; 64bit' Language: 'zh' Physical Memory: 32701 MB
BatchMode: 1, IsHumanControllingUs: 0, StartBugReporterOnCrash: 0, Is64bit: 1, IsPro: 0

 COMMAND LINE ARGUMENTS:
F:\Unity2020.3.0f1\Unity2020.3.0f1\Unity.exe
-adb2
-batchMode
-noUpm
-name
AssetImportWorker1
-projectPath
D:/cygwin/home/kingsoft/UOC-University
-logFile
Logs/AssetImportWorker1.log
-srvPort
56483
Successfully changed project path to: D:/cygwin/home/kingsoft/UOC-University
D:/cygwin/home/kingsoft/UOC-University
Using Asset Import Pipeline V2.
Refreshing native plugins compatible for Editor in 49.95 ms, found 0 plugins.
Preloading 0 native plugins for Editor in 0.00 ms.
Initialize engine version: 2020.3.0f1 (ac674f7398)
[Subsystems] Discovering subsystems at path F:/Unity2020.3.0f1/Unity2020.3.0f1/Data/Resources/UnitySubsystems
[Subsystems] Discovering subsystems at path D:/cygwin/home/kingsoft/UOC-University/Assets
GfxDevice: creating device client; threaded=0
Direct3D:
    Version:  Direct3D 11.0 [level 11.1]
    Renderer: NVIDIA GeForce RTX 2060 (ID=0x1f08)
    Vendor:   
    VRAM:     5980 MB
    Driver:   27.21.14.6192
Initialize mono
Mono path[0] = 'F:/Unity2020.3.0f1/Unity2020.3.0f1/Data/Managed'
Mono path[1] = 'F:/Unity2020.3.0f1/Unity2020.3.0f1/Data/MonoBleedingEdge/lib/mono/unityjit'
Mono config path = 'F:/Unity2020.3.0f1/Unity2020.3.0f1/Data/MonoBleedingEdge/etc'
Using monoOptions --debugger-agent=transport=dt_socket,embedding=1,server=y,suspend=n,address=127.0.0.1:56700
Begin MonoManager ReloadAssembly
Registering precompiled unity dll's ...
Register platform support module: F:/Unity2020.3.0f1/Unity2020.3.0f1/Data/PlaybackEngines/WindowsStandaloneSupport/UnityEditor.WindowsStandalone.Extensions.dll
Registered in 0.001028 seconds.
Native extension for WindowsStandalone target not found
Refreshing native plugins compatible for Editor in 57.21 ms, found 0 plugins.
Preloading 0 native plugins for Editor in 0.00 ms.
Invoked RoslynAnalysisRunner static constructor.
RoslynAnalysisRunner will not be running.
RoslynAnalysisRunner has terminated.
Mono: successfully reloaded assembly
- Completed reload, in  0.736 seconds
Platform modules already initialized, skipping
Registering precompiled user dll's ...
Registered in 0.001250 seconds.
Begin MonoManager ReloadAssembly
Native extension for WindowsStandalone target not found
Refreshing native plugins compatible for Editor in 45.95 ms, found 0 plugins.
Preloading 0 native plugins for Editor in 0.00 ms.
Invoked RoslynAnalysisRunner static constructor.
RoslynAnalysisRunner will not be running.
RoslynAnalysisRunner has terminated.
Mono: successfully reloaded assembly
- Completed reload, in  0.871 seconds
Platform modules already initialized, skipping
========================================================================
Worker process is ready to serve import requests
Shader 'Universal Render Pipeline/Particles/Lit': fallback shader 'Universal Render Pipeline/Particles/SimpleLit' not found
Shader 'Universal Render Pipeline/Particles/Lit': fallback shader 'Universal Render Pipeline/Particles/SimpleLit' not found
Launched and connected shader compiler UnityShaderCompiler.exe after 0.06 seconds
Refreshing native plugins compatible for Editor in 0.50 ms, found 0 plugins.
Preloading 0 native plugins for Editor in 0.00 ms.
Unloading 2806 Unused Serialized files (Serialized files now loaded: 0)
System memory in use before: 125.5 MB.
System memory in use after: 123.3 MB.

Unloading 47 unused Assets to reduce memory usage. Loaded Objects now: 3214.
Total: 3.280000 ms (FindLiveObjects: 0.317900 ms CreateObjectMapping: 0.079700 ms MarkObjects: 1.828600 ms  DeleteObjects: 1.052800 ms)

========================================================================
Received Import Request.
  path: Assets/Scripts/camera
  artifactKey: Guid(84e735efb7ba3804892485d1cea64b04) Importer(815301076,1909f56bfc062723c751e8b465ee728b)
Start importing Assets/Scripts/camera using Guid(84e735efb7ba3804892485d1cea64b04) Importer(815301076,1909f56bfc062723c751e8b465ee728b)  -> (artifact id: 'f423be1fe2815d6f445ee0e8ab18cd6f') in 0.005629 seconds
  Import took 0.069166 seconds .

========================================================================
Received Import Request.
  Time since last request: 0.000221 seconds.
  path: Assets/Scripts/camera/SimpleCameraController.cs
  artifactKey: Guid(be76e5f14cfee674cb30b491fb72b09b) Importer(815301076,1909f56bfc062723c751e8b465ee728b)
Start importing Assets/Scripts/camera/SimpleCameraController.cs using Guid(be76e5f14cfee674cb30b491fb72b09b) Importer(815301076,1909f56bfc062723c751e8b465ee728b)  -> (artifact id: '7c2dee7d6836e3b03ef1e0893a05e267') in 0.022234 seconds
  Import took 0.054853 seconds .

========================================================================
Received Import Request.
  Time since last request: 0.000236 seconds.
  path: Assets/Scripts
  artifactKey: Guid(02a3527b6b33a924e8ec66aa805ea717) Importer(815301076,1909f56bfc062723c751e8b465ee728b)
Start importing Assets/Scripts using Guid(02a3527b6b33a924e8ec66aa805ea717) Importer(815301076,1909f56bfc062723c751e8b465ee728b)  -> (artifact id: 'fe0dbd62ec9af9c816321418d314a904') in 0.017364 seconds
  Import took 0.042547 seconds .

========================================================================
Received Import Request.
  Time since last request: 42.437795 seconds.
  path: Assets/Scripts/System
  artifactKey: Guid(b9134447e402cb744a2102ea856e9379) Importer(815301076,1909f56bfc062723c751e8b465ee728b)
Start importing Assets/Scripts/System using Guid(b9134447e402cb744a2102ea856e9379) Importer(815301076,1909f56bfc062723c751e8b465ee728b)  -> (artifact id: '871b356074da2b15384fa44c2b1ec391') in 0.019627 seconds
  Import took 0.041920 seconds .

========================================================================
Received Import Request.
  Time since last request: 6.406646 seconds.
  path: Assets/Config/Story
  artifactKey: Guid(3820bf90a2aa12649a1165d644e2ce10) Importer(815301076,1909f56bfc062723c751e8b465ee728b)
Start importing Assets/Config/Story using Guid(3820bf90a2aa12649a1165d644e2ce10) Importer(815301076,1909f56bfc062723c751e8b465ee728b)  -> (artifact id: 'a81e39f3dc2ab5d3ac51ee187b70a56d') in 0.002118 seconds
  Import took 0.038576 seconds .

========================================================================
Received Import Request.
  Time since last request: 32.336888 seconds.
  path: Assets/Scripts/System/Frustratio.cs
  artifactKey: Guid(1470c8532afb64b4e80c75378607f142) Importer(815301076,1909f56bfc062723c751e8b465ee728b)
Start importing Assets/Scripts/System/Frustratio.cs using Guid(1470c8532afb64b4e80c75378607f142) Importer(815301076,1909f56bfc062723c751e8b465ee728b)  -> (artifact id: 'b072bdf236bc80d854c07b5d4b487b66') in 0.002350 seconds
  Import took 0.013890 seconds .

========================================================================
Received Prepare
Registering precompiled user dll's ...
Registered in 0.001318 seconds.
Begin MonoManager ReloadAssembly
Native extension for WindowsStandalone target not found
Refreshing native plugins compatible for Editor in 0.62 ms, found 0 plugins.
Preloading 0 native plugins for Editor in 0.00 ms.
Invoked RoslynAnalysisRunner static constructor.
RoslynAnalysisRunner will not be running.
RoslynAnalysisRunner has terminated.
Mono: successfully reloaded assembly
- Completed reload, in  0.770 seconds
Platform modules already initialized, skipping
Shader 'Universal Render Pipeline/Particles/Lit': fallback shader 'Universal Render Pipeline/Particles/SimpleLit' not found
Shader 'Universal Render Pipeline/Particles/Lit': fallback shader 'Universal Render Pipeline/Particles/SimpleLit' not found
Refreshing native plugins compatible for Editor in 0.76 ms, found 0 plugins.
Preloading 0 native plugins for Editor in 0.00 ms.
Unloading 2714 Unused Serialized files (Serialized files now loaded: 0)
System memory in use before: 121.1 MB.
System memory in use after: 118.9 MB.

Unloading 42 unused Assets to reduce memory usage. Loaded Objects now: 3217.
Total: 3.537900 ms (FindLiveObjects: 0.331400 ms CreateObjectMapping: 0.073600 ms MarkObjects: 1.952600 ms  DeleteObjects: 1.178800 ms)

========================================================================
Received Import Request.
  Time since last request: 11.963154 seconds.
  path: Assets/Scripts/System/Frustratio
  artifactKey: Guid(0c1869003aa96614cbcd6e46bc7f5646) Importer(815301076,1909f56bfc062723c751e8b465ee728b)
Start importing Assets/Scripts/System/Frustratio using Guid(0c1869003aa96614cbcd6e46bc7f5646) Importer(815301076,1909f56bfc062723c751e8b465ee728b)  -> (artifact id: '0ff865be36a9b4f4881fdade06c1bb7b') in 0.006138 seconds
  Import took 0.021143 seconds .

========================================================================
Received Import Request.
  Time since last request: 3.736598 seconds.
  path: Assets/Scripts/System/GameInitMgr.txt
  artifactKey: Guid(dbf250cccb9e05247981a4ea897b400a) Importer(815301076,1909f56bfc062723c751e8b465ee728b)
Start importing Assets/Scripts/System/GameInitMgr.txt using Guid(dbf250cccb9e05247981a4ea897b400a) Importer(815301076,1909f56bfc062723c751e8b465ee728b)  -> (artifact id: 'f3fd29f503096d0e498aab79206ee7a3') in 0.019895 seconds
  Import took 0.024140 seconds .

========================================================================
Received Import Request.
  Time since last request: 0.000642 seconds.
  path: Assets/Scripts/System/GameInitMgr.txt
  artifactKey: Guid(dbf250cccb9e05247981a4ea897b400a) Importer(815301076,1909f56bfc062723c751e8b465ee728b)
Start importing Assets/Scripts/System/GameInitMgr.txt using Guid(dbf250cccb9e05247981a4ea897b400a) Importer(815301076,1909f56bfc062723c751e8b465ee728b)  -> (artifact id: 'f3fd29f503096d0e498aab79206ee7a3') in 0.002046 seconds
  Import took 0.015815 seconds .

========================================================================
Received Import Request.
  Time since last request: 42.814765 seconds.
  path: Assets/Scripts/System/NpcMgr.cs
  artifactKey: Guid(11a774a37b01eb448a95008b3d6c4e3c) Importer(815301076,1909f56bfc062723c751e8b465ee728b)
Start importing Assets/Scripts/System/NpcMgr.cs using Guid(11a774a37b01eb448a95008b3d6c4e3c) Importer(815301076,1909f56bfc062723c751e8b465ee728b)  -> (artifact id: '7d3c4d3540ecbfdafa3498bffccef916') in 0.002097 seconds
  Import took 0.006225 seconds .

========================================================================
Received Import Request.
  Time since last request: 0.560590 seconds.
  path: Assets/Scripts/System/StoryMgr.cs
  artifactKey: Guid(4bbc9936ca643ce468a6c34b40ae6776) Importer(815301076,1909f56bfc062723c751e8b465ee728b)
Start importing Assets/Scripts/System/StoryMgr.cs using Guid(4bbc9936ca643ce468a6c34b40ae6776) Importer(815301076,1909f56bfc062723c751e8b465ee728b)  -> (artifact id: 'c28ea7101cafd91325de62462229f8f2') in 0.002232 seconds
  Import took 0.006023 seconds .

========================================================================
Received Import Request.
  Time since last request: 0.003902 seconds.
  path: Assets/Scripts/System/StoryMgr.cs
  artifactKey: Guid(4bbc9936ca643ce468a6c34b40ae6776) Importer(815301076,1909f56bfc062723c751e8b465ee728b)
Start importing Assets/Scripts/System/StoryMgr.cs using Guid(4bbc9936ca643ce468a6c34b40ae6776) Importer(815301076,1909f56bfc062723c751e8b465ee728b)  -> (artifact id: 'c28ea7101cafd91325de62462229f8f2') in 0.019978 seconds
  Import took 0.024211 seconds .

========================================================================
Received Import Request.
  Time since last request: 0.342231 seconds.
  path: Assets/Scripts/System/SEventSystem.cs
  artifactKey: Guid(0c3d732e56aaf244388d668b87fcee9f) Importer(815301076,1909f56bfc062723c751e8b465ee728b)
Start importing Assets/Scripts/System/SEventSystem.cs using Guid(0c3d732e56aaf244388d668b87fcee9f) Importer(815301076,1909f56bfc062723c751e8b465ee728b)  -> (artifact id: '36eb126f3fc3937bc50c7a570d839711') in 0.002295 seconds
  Import took 0.006081 seconds .

========================================================================
Received Import Request.
  Time since last request: 8.661007 seconds.
  path: Assets/Scripts/System/TriggerStory.cs
  artifactKey: Guid(7c3c49ff8e8de02419ad0c50eae192ce) Importer(815301076,1909f56bfc062723c751e8b465ee728b)
Start importing Assets/Scripts/System/TriggerStory.cs using Guid(7c3c49ff8e8de02419ad0c50eae192ce) Importer(815301076,1909f56bfc062723c751e8b465ee728b)  -> (artifact id: '3089499fd8d05382488180cbe660bc98') in 0.002197 seconds
  Import took 0.006333 seconds .

========================================================================
Received Import Request.
  Time since last request: 0.001649 seconds.
  path: Assets/Scripts/System/TriggerStory.cs
  artifactKey: Guid(7c3c49ff8e8de02419ad0c50eae192ce) Importer(815301076,1909f56bfc062723c751e8b465ee728b)
Start importing Assets/Scripts/System/TriggerStory.cs using Guid(7c3c49ff8e8de02419ad0c50eae192ce) Importer(815301076,1909f56bfc062723c751e8b465ee728b)  -> (artifact id: '3089499fd8d05382488180cbe660bc98') in 0.002832 seconds
  Import took 0.007117 seconds .

========================================================================
Received Import Request.
  Time since last request: 1.030216 seconds.
  path: Assets/Scripts/System/SystemTime.cs
  artifactKey: Guid(1d987afbb02baf144a7f0bc745625e05) Importer(815301076,1909f56bfc062723c751e8b465ee728b)
Start importing Assets/Scripts/System/SystemTime.cs using Guid(1d987afbb02baf144a7f0bc745625e05) Importer(815301076,1909f56bfc062723c751e8b465ee728b)  -> (artifact id: '7b3836c5143816730e10e21b8433b971') in 0.001945 seconds
  Import took 0.005674 seconds .

========================================================================
Received Import Request.
  Time since last request: 0.000239 seconds.
  path: Assets/Scripts/System/SystemTime.cs
  artifactKey: Guid(1d987afbb02baf144a7f0bc745625e05) Importer(815301076,1909f56bfc062723c751e8b465ee728b)
Start importing Assets/Scripts/System/SystemTime.cs using Guid(1d987afbb02baf144a7f0bc745625e05) Importer(815301076,1909f56bfc062723c751e8b465ee728b)  -> (artifact id: '7b3836c5143816730e10e21b8433b971') in 0.001388 seconds
  Import took 0.004553 seconds .

========================================================================
Received Import Request.
  Time since last request: 5.305830 seconds.
  path: Assets/Scripts/System/GameBeginMgr.cs
  artifactKey: Guid(0c9b1409cdf4eaa4e8d37fa575dee5e7) Importer(815301076,1909f56bfc062723c751e8b465ee728b)
Start importing Assets/Scripts/System/GameBeginMgr.cs using Guid(0c9b1409cdf4eaa4e8d37fa575dee5e7) Importer(815301076,1909f56bfc062723c751e8b465ee728b)  -> (artifact id: 'f3acff9bd976d55f7a00112a40ff89ec') in 0.002509 seconds
  Import took 0.006650 seconds .

========================================================================
Received Import Request.
  Time since last request: 0.000434 seconds.
  path: Assets/Scripts/System/GameBeginMgr.cs
  artifactKey: Guid(0c9b1409cdf4eaa4e8d37fa575dee5e7) Importer(815301076,1909f56bfc062723c751e8b465ee728b)
Start importing Assets/Scripts/System/GameBeginMgr.cs using Guid(0c9b1409cdf4eaa4e8d37fa575dee5e7) Importer(815301076,1909f56bfc062723c751e8b465ee728b)  -> (artifact id: 'f3acff9bd976d55f7a00112a40ff89ec') in 0.017606 seconds
  Import took 0.021520 seconds .

========================================================================
Received Prepare
Registering precompiled user dll's ...
Registered in 0.001326 seconds.
Begin MonoManager ReloadAssembly
Native extension for WindowsStandalone target not found
Refreshing native plugins compatible for Editor in 0.53 ms, found 0 plugins.
Preloading 0 native plugins for Editor in 0.00 ms.
Invoked RoslynAnalysisRunner static constructor.
RoslynAnalysisRunner will not be running.
RoslynAnalysisRunner has terminated.
Mono: successfully reloaded assembly
- Completed reload, in  0.778 seconds
Platform modules already initialized, skipping
Shader 'Universal Render Pipeline/Particles/Lit': fallback shader 'Universal Render Pipeline/Particles/SimpleLit' not found
Shader 'Universal Render Pipeline/Particles/Lit': fallback shader 'Universal Render Pipeline/Particles/SimpleLit' not found
Refreshing native plugins compatible for Editor in 0.53 ms, found 0 plugins.
Preloading 0 native plugins for Editor in 0.00 ms.
Unloading 2714 Unused Serialized files (Serialized files now loaded: 0)
System memory in use before: 121.1 MB.
System memory in use after: 118.9 MB.

Unloading 42 unused Assets to reduce memory usage. Loaded Objects now: 3220.
Total: 3.226300 ms (FindLiveObjects: 0.330100 ms CreateObjectMapping: 0.071400 ms MarkObjects: 1.613900 ms  DeleteObjects: 1.209500 ms)

========================================================================
Received Import Request.
  Time since last request: 61.044853 seconds.
  path: Assets/TimeLine/story1.playable
  artifactKey: Guid(c965f2236cd887e4a9a6754f46c45063) Importer(815301076,1909f56bfc062723c751e8b465ee728b)
Start importing Assets/TimeLine/story1.playable using Guid(c965f2236cd887e4a9a6754f46c45063) Importer(815301076,1909f56bfc062723c751e8b465ee728b)  -> (artifact id: '4b6490ed2d2a211150c8e0194b6c8dfd') in 0.025605 seconds
  Import took 0.029984 seconds .

========================================================================
Received Import Request.
  Time since last request: 0.350132 seconds.
  path: Assets/TimeLine/story0.playable
  artifactKey: Guid(69a23cac8c532c847acee32685419004) Importer(815301076,1909f56bfc062723c751e8b465ee728b)
Start importing Assets/TimeLine/story0.playable using Guid(69a23cac8c532c847acee32685419004) Importer(815301076,1909f56bfc062723c751e8b465ee728b)  -> (artifact id: '46f6718f6616b61eb0adfe704a31ebfd') in 0.028463 seconds
  Import took 0.032891 seconds .

========================================================================
Received Import Request.
  Time since last request: 1.084815 seconds.
  path: Assets/TimeLine
  artifactKey: Guid(8f12a82afbf44694a9041fab1092ae74) Importer(815301076,1909f56bfc062723c751e8b465ee728b)
Start importing Assets/TimeLine using Guid(8f12a82afbf44694a9041fab1092ae74) Importer(815301076,1909f56bfc062723c751e8b465ee728b)  -> (artifact id: '29064950364cebcf11a4341a92f59e47') in 0.002490 seconds
  Import took 0.006472 seconds .

========================================================================
Received Prepare
Registering precompiled user dll's ...
Registered in 0.001458 seconds.
Begin MonoManager ReloadAssembly
Native extension for WindowsStandalone target not found
Refreshing native plugins compatible for Editor in 0.52 ms, found 0 plugins.
Preloading 0 native plugins for Editor in 0.00 ms.
Invoked RoslynAnalysisRunner static constructor.
RoslynAnalysisRunner will not be running.
RoslynAnalysisRunner has terminated.
Mono: successfully reloaded assembly
- Completed reload, in  0.812 seconds
Platform modules already initialized, skipping
Shader 'Universal Render Pipeline/Particles/Lit': fallback shader 'Universal Render Pipeline/Particles/SimpleLit' not found
Shader 'Universal Render Pipeline/Particles/Lit': fallback shader 'Universal Render Pipeline/Particles/SimpleLit' not found
Refreshing native plugins compatible for Editor in 0.55 ms, found 0 plugins.
Preloading 0 native plugins for Editor in 0.00 ms.
Unloading 2714 Unused Serialized files (Serialized files now loaded: 0)
System memory in use before: 121.1 MB.
System memory in use after: 119.0 MB.

Unloading 42 unused Assets to reduce memory usage. Loaded Objects now: 3223.
Total: 3.661400 ms (FindLiveObjects: 0.533800 ms CreateObjectMapping: 0.084200 ms MarkObjects: 1.645200 ms  DeleteObjects: 1.396500 ms)

========================================================================
Received Prepare
Registering precompiled user dll's ...
Registered in 0.001379 seconds.
Begin MonoManager ReloadAssembly
Native extension for WindowsStandalone target not found
Refreshing native plugins compatible for Editor in 0.55 ms, found 0 plugins.
Preloading 0 native plugins for Editor in 0.00 ms.
Invoked RoslynAnalysisRunner static constructor.
RoslynAnalysisRunner will not be running.
RoslynAnalysisRunner has terminated.
Mono: successfully reloaded assembly
- Completed reload, in  0.857 seconds
Platform modules already initialized, skipping
Shader 'Universal Render Pipeline/Particles/Lit': fallback shader 'Universal Render Pipeline/Particles/SimpleLit' not found
Shader 'Universal Render Pipeline/Particles/Lit': fallback shader 'Universal Render Pipeline/Particles/SimpleLit' not found
Refreshing native plugins compatible for Editor in 0.78 ms, found 0 plugins.
Preloading 0 native plugins for Editor in 0.00 ms.
Unloading 2714 Unused Serialized files (Serialized files now loaded: 0)
System memory in use before: 121.2 MB.
System memory in use after: 119.0 MB.

Unloading 42 unused Assets to reduce memory usage. Loaded Objects now: 3226.
Total: 3.590500 ms (FindLiveObjects: 0.369400 ms CreateObjectMapping: 0.091200 ms MarkObjects: 1.838800 ms  DeleteObjects: 1.290100 ms)

========================================================================
Received Prepare
Registering precompiled user dll's ...
Registered in 0.001449 seconds.
Begin MonoManager ReloadAssembly
Native extension for WindowsStandalone target not found
Refreshing native plugins compatible for Editor in 0.53 ms, found 0 plugins.
Preloading 0 native plugins for Editor in 0.00 ms.
Invoked RoslynAnalysisRunner static constructor.
RoslynAnalysisRunner will not be running.
RoslynAnalysisRunner has terminated.
Mono: successfully reloaded assembly
- Completed reload, in  0.792 seconds
Platform modules already initialized, skipping
Shader 'Universal Render Pipeline/Particles/Lit': fallback shader 'Universal Render Pipeline/Particles/SimpleLit' not found
Shader 'Universal Render Pipeline/Particles/Lit': fallback shader 'Universal Render Pipeline/Particles/SimpleLit' not found
Refreshing native plugins compatible for Editor in 0.52 ms, found 0 plugins.
Preloading 0 native plugins for Editor in 0.00 ms.
Unloading 2714 Unused Serialized files (Serialized files now loaded: 0)
System memory in use before: 121.1 MB.
System memory in use after: 119.0 MB.

Unloading 42 unused Assets to reduce memory usage. Loaded Objects now: 3229.
Total: 3.443700 ms (FindLiveObjects: 0.322100 ms CreateObjectMapping: 0.076400 ms MarkObjects: 1.712900 ms  DeleteObjects: 1.330700 ms)

========================================================================
Received Prepare
Registering precompiled user dll's ...
Registered in 0.001436 seconds.
Begin MonoManager ReloadAssembly
Native extension for WindowsStandalone target not found
Refreshing native plugins compatible for Editor in 0.53 ms, found 0 plugins.
Preloading 0 native plugins for Editor in 0.00 ms.
Invoked RoslynAnalysisRunner static constructor.
RoslynAnalysisRunner will not be running.
RoslynAnalysisRunner has terminated.
Mono: successfully reloaded assembly
- Completed reload, in  0.784 seconds
Platform modules already initialized, skipping
Shader 'Universal Render Pipeline/Particles/Lit': fallback shader 'Universal Render Pipeline/Particles/SimpleLit' not found
Shader 'Universal Render Pipeline/Particles/Lit': fallback shader 'Universal Render Pipeline/Particles/SimpleLit' not found
Refreshing native plugins compatible for Editor in 0.56 ms, found 0 plugins.
Preloading 0 native plugins for Editor in 0.00 ms.
Unloading 2714 Unused Serialized files (Serialized files now loaded: 0)
System memory in use before: 121.1 MB.
System memory in use after: 119.0 MB.

Unloading 42 unused Assets to reduce memory usage. Loaded Objects now: 3232.
Total: 3.288600 ms (FindLiveObjects: 0.347100 ms CreateObjectMapping: 0.072800 ms MarkObjects: 1.546200 ms  DeleteObjects: 1.321800 ms)

========================================================================
Received Import Request.
  Time since last request: 812.958959 seconds.
  path: Assets/Scripts/Config/ConfigEx
  artifactKey: Guid(28dcbe4c096e34f41b57df4ef2681bef) Importer(815301076,1909f56bfc062723c751e8b465ee728b)
Start importing Assets/Scripts/Config/ConfigEx using Guid(28dcbe4c096e34f41b57df4ef2681bef) Importer(815301076,1909f56bfc062723c751e8b465ee728b)  -> (artifact id: 'b61590c0e0450e0f34bdb1de8a8ec90a') in 0.006318 seconds
  Import took 0.010620 seconds .

========================================================================
Received Import Request.
  Time since last request: 0.002199 seconds.
  path: Assets/Scripts/Config/ConfigEx
  artifactKey: Guid(28dcbe4c096e34f41b57df4ef2681bef) Importer(815301076,1909f56bfc062723c751e8b465ee728b)
Start importing Assets/Scripts/Config/ConfigEx using Guid(28dcbe4c096e34f41b57df4ef2681bef) Importer(815301076,1909f56bfc062723c751e8b465ee728b)  -> (artifact id: 'b61590c0e0450e0f34bdb1de8a8ec90a') in 0.001703 seconds
  Import took 0.004726 seconds .

========================================================================
Received Import Request.
  Time since last request: 2.116237 seconds.
  path: Assets/Scripts/Config
  artifactKey: Guid(a291cade16c37ae4e938cf2ad4993c5b) Importer(815301076,1909f56bfc062723c751e8b465ee728b)
Start importing Assets/Scripts/Config using Guid(a291cade16c37ae4e938cf2ad4993c5b) Importer(815301076,1909f56bfc062723c751e8b465ee728b)  -> (artifact id: '7ddd68b94a34a648e6979a77511bd779') in 0.002485 seconds
  Import took 0.006604 seconds .

========================================================================
Received Import Request.
  Time since last request: 4.476012 seconds.
  path: Assets/Scripts/Config/Story
  artifactKey: Guid(75afd259f7da91546aacb0b1f30bc936) Importer(815301076,1909f56bfc062723c751e8b465ee728b)
Start importing Assets/Scripts/Config/Story using Guid(75afd259f7da91546aacb0b1f30bc936) Importer(815301076,1909f56bfc062723c751e8b465ee728b)  -> (artifact id: '529ce10023f1027c62b77c2d910c3137') in 0.002410 seconds
  Import took 0.006795 seconds .

========================================================================
Received Import Request.
  Time since last request: 19.993316 seconds.
  path: Assets/Scripts/Camera
  artifactKey: Guid(84e735efb7ba3804892485d1cea64b04) Importer(815301076,1909f56bfc062723c751e8b465ee728b)
Start importing Assets/Scripts/Camera using Guid(84e735efb7ba3804892485d1cea64b04) Importer(815301076,1909f56bfc062723c751e8b465ee728b)  -> (artifact id: '5d8b8a6a8b37bb1a3c703c592dd2a91e') in 0.002681 seconds
  Import took 0.007188 seconds .

========================================================================
Received Prepare
Registering precompiled user dll's ...
Registered in 0.002038 seconds.
Begin MonoManager ReloadAssembly
Native extension for WindowsStandalone target not found
Refreshing native plugins compatible for Editor in 0.52 ms, found 0 plugins.
Preloading 0 native plugins for Editor in 0.00 ms.
Invoked RoslynAnalysisRunner static constructor.
RoslynAnalysisRunner will not be running.
RoslynAnalysisRunner has terminated.
Mono: successfully reloaded assembly
- Completed reload, in  0.773 seconds
Platform modules already initialized, skipping
Shader 'Universal Render Pipeline/Particles/Lit': fallback shader 'Universal Render Pipeline/Particles/SimpleLit' not found
Shader 'Universal Render Pipeline/Particles/Lit': fallback shader 'Universal Render Pipeline/Particles/SimpleLit' not found
Refreshing native plugins compatible for Editor in 0.53 ms, found 0 plugins.
Preloading 0 native plugins for Editor in 0.00 ms.
Unloading 2714 Unused Serialized files (Serialized files now loaded: 0)
System memory in use before: 121.2 MB.
System memory in use after: 119.0 MB.

Unloading 42 unused Assets to reduce memory usage. Loaded Objects now: 3235.
Total: 3.509500 ms (FindLiveObjects: 0.403100 ms CreateObjectMapping: 0.075900 ms MarkObjects: 1.672300 ms  DeleteObjects: 1.357300 ms)

========================================================================
Received Import Request.
  Time since last request: 31.073553 seconds.
  path: Assets/Scripts/Config/Story/SCStroyConfig.cs
  artifactKey: Guid(ad5cb2452a39e704b950a58e1e21ac17) Importer(815301076,1909f56bfc062723c751e8b465ee728b)
Start importing Assets/Scripts/Config/Story/SCStroyConfig.cs using Guid(ad5cb2452a39e704b950a58e1e21ac17) Importer(815301076,1909f56bfc062723c751e8b465ee728b)  -> (artifact id: '2df12ec78ee566b5a7f7bbaa3f9ed4db') in 0.007900 seconds
  Import took 0.013191 seconds .

========================================================================
Received Prepare
Registering precompiled user dll's ...
Registered in 0.001383 seconds.
Begin MonoManager ReloadAssembly
Native extension for WindowsStandalone target not found
Refreshing native plugins compatible for Editor in 0.56 ms, found 0 plugins.
Preloading 0 native plugins for Editor in 0.00 ms.
Invoked RoslynAnalysisRunner static constructor.
RoslynAnalysisRunner will not be running.
RoslynAnalysisRunner has terminated.
Mono: successfully reloaded assembly
- Completed reload, in  0.841 seconds
Platform modules already initialized, skipping
Shader 'Universal Render Pipeline/Particles/Lit': fallback shader 'Universal Render Pipeline/Particles/SimpleLit' not found
Shader 'Universal Render Pipeline/Particles/Lit': fallback shader 'Universal Render Pipeline/Particles/SimpleLit' not found
Refreshing native plugins compatible for Editor in 0.80 ms, found 0 plugins.
Preloading 0 native plugins for Editor in 0.00 ms.
Unloading 2715 Unused Serialized files (Serialized files now loaded: 0)
System memory in use before: 121.2 MB.
System memory in use after: 119.0 MB.

Unloading 42 unused Assets to reduce memory usage. Loaded Objects now: 3239.
Total: 6.161800 ms (FindLiveObjects: 0.595300 ms CreateObjectMapping: 0.241200 ms MarkObjects: 3.004000 ms  DeleteObjects: 2.319000 ms)

========================================================================
Received Prepare
Registering precompiled user dll's ...
Registered in 0.001383 seconds.
Begin MonoManager ReloadAssembly
Native extension for WindowsStandalone target not found
Refreshing native plugins compatible for Editor in 0.55 ms, found 0 plugins.
Preloading 0 native plugins for Editor in 0.00 ms.
Invoked RoslynAnalysisRunner static constructor.
RoslynAnalysisRunner will not be running.
RoslynAnalysisRunner has terminated.
Mono: successfully reloaded assembly
- Completed reload, in  0.827 seconds
Platform modules already initialized, skipping
Shader 'Universal Render Pipeline/Particles/Lit': fallback shader 'Universal Render Pipeline/Particles/SimpleLit' not found
Shader 'Universal Render Pipeline/Particles/Lit': fallback shader 'Universal Render Pipeline/Particles/SimpleLit' not found
Refreshing native plugins compatible for Editor in 0.56 ms, found 0 plugins.
Preloading 0 native plugins for Editor in 0.00 ms.
Unloading 2715 Unused Serialized files (Serialized files now loaded: 0)
System memory in use before: 121.2 MB.
System memory in use after: 119.0 MB.

Unloading 42 unused Assets to reduce memory usage. Loaded Objects now: 3242.
Total: 3.396600 ms (FindLiveObjects: 0.349200 ms CreateObjectMapping: 0.072200 ms MarkObjects: 1.623700 ms  DeleteObjects: 1.350300 ms)

========================================================================
Received Import Request.
  Time since last request: 829.246065 seconds.
  path: Assets/Art/_ain_ui_bg.jpg
  artifactKey: Guid(ec265981b259749428f3b6dad357414c) Importer(815301076,1909f56bfc062723c751e8b465ee728b)
Start importing Assets/Art/_ain_ui_bg.jpg using Guid(ec265981b259749428f3b6dad357414c) Importer(815301076,1909f56bfc062723c751e8b465ee728b)  -> (artifact id: '3a6cd98640bf235a7307204d38d0520f') in 0.081337 seconds
  Import took 0.085981 seconds .

========================================================================
Received Import Request.
  Time since last request: 6.388467 seconds.
  path: Assets/taget.cs
  artifactKey: Guid(0f37cd17851a9ea4ea673a80297375af) Importer(815301076,1909f56bfc062723c751e8b465ee728b)
Start importing Assets/taget.cs using Guid(0f37cd17851a9ea4ea673a80297375af) Importer(815301076,1909f56bfc062723c751e8b465ee728b)  -> (artifact id: '8630e4022d411236207a2510b6edaae7') in 0.002494 seconds
  Import took 0.006395 seconds .

========================================================================
Received Import Request.
  Time since last request: 0.001637 seconds.
  path: Assets/taget.cs
  artifactKey: Guid(0f37cd17851a9ea4ea673a80297375af) Importer(815301076,1909f56bfc062723c751e8b465ee728b)
Start importing Assets/taget.cs using Guid(0f37cd17851a9ea4ea673a80297375af) Importer(815301076,1909f56bfc062723c751e8b465ee728b)  -> (artifact id: '8630e4022d411236207a2510b6edaae7') in 0.003772 seconds
  Import took 0.007751 seconds .

========================================================================
Received Import Request.
  Time since last request: 5.689896 seconds.
  path: Assets/UGUIMiniMap
  artifactKey: Guid(86204074fb66dd140a95c9b37a786453) Importer(815301076,1909f56bfc062723c751e8b465ee728b)
Start importing Assets/UGUIMiniMap using Guid(86204074fb66dd140a95c9b37a786453) Importer(815301076,1909f56bfc062723c751e8b465ee728b)  -> (artifact id: '0211ee8849a336bb26fde67a9443f8c2') in 0.002246 seconds
  Import took 0.006463 seconds .

========================================================================
Received Import Request.
  Time since last request: 0.978937 seconds.
  path: Assets/TutorialInfo
  artifactKey: Guid(49110bb8dcada46328ad741970bce702) Importer(815301076,1909f56bfc062723c751e8b465ee728b)
Start importing Assets/TutorialInfo using Guid(49110bb8dcada46328ad741970bce702) Importer(815301076,1909f56bfc062723c751e8b465ee728b)  -> (artifact id: '8817f837b5fb10a29ec0ddfb04359468') in 0.002595 seconds
  Import took 0.007062 seconds .

========================================================================
Received Import Request.
  Time since last request: 2.074790 seconds.
  path: Assets/TutorialInfo/Icons/Help_Icon.png
  artifactKey: Guid(34f556d724b1bbf4097ca6220db2c581) Importer(815301076,1909f56bfc062723c751e8b465ee728b)
Start importing Assets/TutorialInfo/Icons/Help_Icon.png using Guid(34f556d724b1bbf4097ca6220db2c581) Importer(815301076,1909f56bfc062723c751e8b465ee728b)  -> (artifact id: '3daa27a00f2e4c97db5b269116c9d38f') in 0.033745 seconds
  Import took 0.037891 seconds .

========================================================================
Received Import Request.
  Time since last request: 0.461357 seconds.
  path: Assets/TutorialInfo/Icons/UniversalIcon.png
  artifactKey: Guid(7801804018a7dcf42abb827444e18660) Importer(815301076,1909f56bfc062723c751e8b465ee728b)
Start importing Assets/TutorialInfo/Icons/UniversalIcon.png using Guid(7801804018a7dcf42abb827444e18660) Importer(815301076,1909f56bfc062723c751e8b465ee728b)  -> (artifact id: 'e01f75d1bb1d973c5ab2fdbe8a98b78d') in 0.007403 seconds
  Import took 0.011641 seconds .

========================================================================
Received Import Request.
  Time since last request: 4.304123 seconds.
  path: Assets/TutorialInfo/Scripts
  artifactKey: Guid(5a9bcd70e6a4b4b05badaa72e827d8e0) Importer(815301076,1909f56bfc062723c751e8b465ee728b)
Start importing Assets/TutorialInfo/Scripts using Guid(5a9bcd70e6a4b4b05badaa72e827d8e0) Importer(815301076,1909f56bfc062723c751e8b465ee728b)  -> (artifact id: 'f118777d6ebd89f769a41e1ef244586a') in 0.006788 seconds
  Import took 0.011229 seconds .

========================================================================
Received Import Request.
  Time since last request: 1.220297 seconds.
  path: Assets/TutorialInfo/Scripts/Editor
  artifactKey: Guid(3ad9b87dffba344c89909c6d1b1c17e1) Importer(815301076,1909f56bfc062723c751e8b465ee728b)
Start importing Assets/TutorialInfo/Scripts/Editor using Guid(3ad9b87dffba344c89909c6d1b1c17e1) Importer(815301076,1909f56bfc062723c751e8b465ee728b)  -> (artifact id: 'df395d084943967e594548ffec67ae0a') in 0.002436 seconds
  Import took 0.006727 seconds .

========================================================================
Received Import Request.
  Time since last request: 2.553777 seconds.
  path: Assets/TutorialInfo/Icons
  artifactKey: Guid(8a0c9218a650547d98138cd835033977) Importer(815301076,1909f56bfc062723c751e8b465ee728b)
Start importing Assets/TutorialInfo/Icons using Guid(8a0c9218a650547d98138cd835033977) Importer(815301076,1909f56bfc062723c751e8b465ee728b)  -> (artifact id: '1ab05bf5c969251436b5898189cd4725') in 0.002468 seconds
  Import took 0.006821 seconds .

========================================================================
Received Prepare
Registering precompiled user dll's ...
Registered in 0.001545 seconds.
Begin MonoManager ReloadAssembly
Native extension for WindowsStandalone target not found
Refreshing native plugins compatible for Editor in 0.88 ms, found 0 plugins.
Preloading 0 native plugins for Editor in 0.00 ms.
Invoked RoslynAnalysisRunner static constructor.
RoslynAnalysisRunner will not be running.
RoslynAnalysisRunner has terminated.
Mono: successfully reloaded assembly
- Completed reload, in  0.821 seconds
Platform modules already initialized, skipping
Shader 'Universal Render Pipeline/Particles/Lit': fallback shader 'Universal Render Pipeline/Particles/SimpleLit' not found
Shader 'Universal Render Pipeline/Particles/Lit': fallback shader 'Universal Render Pipeline/Particles/SimpleLit' not found
Refreshing native plugins compatible for Editor in 0.53 ms, found 0 plugins.
Preloading 0 native plugins for Editor in 0.00 ms.
Unloading 2713 Unused Serialized files (Serialized files now loaded: 0)
System memory in use before: 124.1 MB.
System memory in use after: 122.0 MB.

Unloading 43 unused Assets to reduce memory usage. Loaded Objects now: 3252.
Total: 3.854800 ms (FindLiveObjects: 0.524300 ms CreateObjectMapping: 0.081300 ms MarkObjects: 2.100900 ms  DeleteObjects: 1.146400 ms)

========================================================================
Received Import Request.
  Time since last request: 10.569608 seconds.
  path: Assets/TextMesh Pro
  artifactKey: Guid(f54d1bd14bd3ca042bd867b519fee8cc) Importer(815301076,1909f56bfc062723c751e8b465ee728b)
Start importing Assets/TextMesh Pro using Guid(f54d1bd14bd3ca042bd867b519fee8cc) Importer(815301076,1909f56bfc062723c751e8b465ee728b)  -> (artifact id: '166def47635274b096a9fd1d3c5fb628') in 0.006647 seconds
  Import took 0.010911 seconds .

========================================================================
Received Import Request.
  Time since last request: 0.003043 seconds.
  path: Assets/TextMesh Pro
  artifactKey: Guid(f54d1bd14bd3ca042bd867b519fee8cc) Importer(815301076,1909f56bfc062723c751e8b465ee728b)
Start importing Assets/TextMesh Pro using Guid(f54d1bd14bd3ca042bd867b519fee8cc) Importer(815301076,1909f56bfc062723c751e8b465ee728b)  -> (artifact id: '166def47635274b096a9fd1d3c5fb628') in 0.001985 seconds
  Import took 0.005334 seconds .

========================================================================
Received Import Request.
  Time since last request: 0.287055 seconds.
  path: Assets/Scripts/1-26fuckthekey.md
  artifactKey: Guid(f414c1552999c56498d667aac9b233bd) Importer(815301076,1909f56bfc062723c751e8b465ee728b)
Start importing Assets/Scripts/1-26fuckthekey.md using Guid(f414c1552999c56498d667aac9b233bd) Importer(815301076,1909f56bfc062723c751e8b465ee728b)  -> (artifact id: 'd36204c9e8fe8ee7ac8d1bc6167b4e3d') in 0.018316 seconds
  Import took 0.023426 seconds .

========================================================================
Received Import Request.
  Time since last request: 0.027812 seconds.
  path: Assets/Scripts/1-26fuckthekey.md
  artifactKey: Guid(f414c1552999c56498d667aac9b233bd) Importer(815301076,1909f56bfc062723c751e8b465ee728b)
Start importing Assets/Scripts/1-26fuckthekey.md using Guid(f414c1552999c56498d667aac9b233bd) Importer(815301076,1909f56bfc062723c751e8b465ee728b)  -> (artifact id: 'd36204c9e8fe8ee7ac8d1bc6167b4e3d') in 0.029543 seconds
  Import took 0.034489 seconds .

========================================================================
Received Import Request.
  Time since last request: 5.303696 seconds.
  path: Assets/Tilemap
  artifactKey: Guid(580528969cab0b545989470005b15695) Importer(815301076,1909f56bfc062723c751e8b465ee728b)
Start importing Assets/Tilemap using Guid(580528969cab0b545989470005b15695) Importer(815301076,1909f56bfc062723c751e8b465ee728b)  -> (artifact id: '413efa4e0a245edf429e7bd6310d86ac') in 0.003358 seconds
  Import took 0.010098 seconds .

========================================================================
Received Import Request.
  Time since last request: 0.555338 seconds.
  path: Assets/Thaleah_PixelFont
  artifactKey: Guid(40f920b4db05eb747b1bfa16418bd11a) Importer(815301076,1909f56bfc062723c751e8b465ee728b)
Start importing Assets/Thaleah_PixelFont using Guid(40f920b4db05eb747b1bfa16418bd11a) Importer(815301076,1909f56bfc062723c751e8b465ee728b)  -> (artifact id: 'c0f2d8b023a44daf056cc2dc8bee2fff') in 0.002698 seconds
  Import took 0.007944 seconds .

========================================================================
Received Import Request.
  Time since last request: 0.909321 seconds.
  path: Assets/Thaleah_PixelFont/Materials
  artifactKey: Guid(5bbfc5203b36a9040838fe59081d4888) Importer(815301076,1909f56bfc062723c751e8b465ee728b)
Start importing Assets/Thaleah_PixelFont/Materials using Guid(5bbfc5203b36a9040838fe59081d4888) Importer(815301076,1909f56bfc062723c751e8b465ee728b)  -> (artifact id: '54ff98c65abefa4fd1707ca12d806741') in 0.003301 seconds
  Import took 0.010225 seconds .

========================================================================
Received Import Request.
  Time since last request: 0.342649 seconds.
  path: Assets/Thaleah_PixelFont/Thaleah_DemoSettings.lighting
  artifactKey: Guid(ff0560a1cfabce24f8cf265e20593f6f) Importer(815301076,1909f56bfc062723c751e8b465ee728b)
Start importing Assets/Thaleah_PixelFont/Thaleah_DemoSettings.lighting using Guid(ff0560a1cfabce24f8cf265e20593f6f) Importer(815301076,1909f56bfc062723c751e8b465ee728b) LightingSettings: switching bake backend from 1 to 0.
 -> (artifact id: '444b0b0b16d4f0d315265874fe4436e0') in 0.023490 seconds
  Import took 0.029007 seconds .

========================================================================
Received Import Request.
  Time since last request: 0.796415 seconds.
  path: Assets/Thaleah_PixelFont/Thaleah_Readme.pdf
  artifactKey: Guid(2b9a81d04b64ba846b895089734b9415) Importer(815301076,1909f56bfc062723c751e8b465ee728b)
Start importing Assets/Thaleah_PixelFont/Thaleah_Readme.pdf using Guid(2b9a81d04b64ba846b895089734b9415) Importer(815301076,1909f56bfc062723c751e8b465ee728b)  -> (artifact id: 'ed0800a2101da0e78771439e3ae6870c') in 0.008741 seconds
  Import took 0.013514 seconds .

========================================================================
Received Import Request.
  Time since last request: 1.037385 seconds.
  path: Assets/Thaleah_PixelFont/Thaleah_Demo.unity
  artifactKey: Guid(180143f4a57f2124dae57257c95bc10a) Importer(815301076,1909f56bfc062723c751e8b465ee728b)
Start importing Assets/Thaleah_PixelFont/Thaleah_Demo.unity using Guid(180143f4a57f2124dae57257c95bc10a) Importer(815301076,1909f56bfc062723c751e8b465ee728b)  -> (artifact id: '738480743a6cc4d34f0ec6096954f68e') in 0.002874 seconds
  Import took 0.007863 seconds .

========================================================================
Received Import Request.
  Time since last request: 22.675270 seconds.
  path: Assets/AstarPathfindingProject
  artifactKey: Guid(f20c127b521a12047afc755e5d96e8a5) Importer(815301076,1909f56bfc062723c751e8b465ee728b)
Start importing Assets/AstarPathfindingProject using Guid(f20c127b521a12047afc755e5d96e8a5) Importer(815301076,1909f56bfc062723c751e8b465ee728b)  -> (artifact id: 'cb7036b3df8814433590d63f355d3d4a') in 0.002965 seconds
  Import took 0.007374 seconds .

========================================================================
Received Import Request.
  Time since last request: 6.641645 seconds.
  path: Assets/ExampleAssets/Materials
  artifactKey: Guid(ffd318dbb37362c4f8d87863d082b2fd) Importer(815301076,1909f56bfc062723c751e8b465ee728b)
Start importing Assets/ExampleAssets/Materials using Guid(ffd318dbb37362c4f8d87863d082b2fd) Importer(815301076,1909f56bfc062723c751e8b465ee728b)  -> (artifact id: '06deab71842bdc8b9f3e2f3b72d16981') in 0.002365 seconds
  Import took 0.006562 seconds .

========================================================================
Received Import Request.
  Time since last request: 2.482047 seconds.
  path: Assets/ExampleAssets/Models/ConstructionLight_Low.fbx
  artifactKey: Guid(e3ae06a3979f53046aa05330d69de1fa) Importer(815301076,1909f56bfc062723c751e8b465ee728b)
Start importing Assets/ExampleAssets/Models/ConstructionLight_Low.fbx using Guid(e3ae06a3979f53046aa05330d69de1fa) Importer(815301076,1909f56bfc062723c751e8b465ee728b)  -> (artifact id: '962b476423280b9245a96c94faf990bb') in 0.621033 seconds
  Import took 0.625562 seconds .

========================================================================
Received Import Request.
  Time since last request: 2.520312 seconds.
  path: Assets/ExampleAssets/Models/brush_low.fbx
  artifactKey: Guid(aed8c47425ab91f4eb06ce6fe47c3e4e) Importer(815301076,1909f56bfc062723c751e8b465ee728b)
Start importing Assets/ExampleAssets/Models/brush_low.fbx using Guid(aed8c47425ab91f4eb06ce6fe47c3e4e) Importer(815301076,1909f56bfc062723c751e8b465ee728b)  -> (artifact id: '2c5a2bcf70e4db585f2d5ec4ad642ef1') in 0.014012 seconds
  Import took 0.018218 seconds .

========================================================================
Received Import Request.
  Time since last request: 0.002324 seconds.
  path: Assets/ExampleAssets/Models/brush_low.fbx
  artifactKey: Guid(aed8c47425ab91f4eb06ce6fe47c3e4e) Importer(815301076,1909f56bfc062723c751e8b465ee728b)
Start importing Assets/ExampleAssets/Models/brush_low.fbx using Guid(aed8c47425ab91f4eb06ce6fe47c3e4e) Importer(815301076,1909f56bfc062723c751e8b465ee728b)  -> (artifact id: '2c5a2bcf70e4db585f2d5ec4ad642ef1') in 0.013835 seconds
  Import took 0.017588 seconds .

========================================================================
Received Import Request.
  Time since last request: 0.926542 seconds.
  path: Assets/ExampleAssets/Models/hammer_low.fbx
  artifactKey: Guid(68a66fb5a71f8204a8dcb613c97d1fa8) Importer(815301076,1909f56bfc062723c751e8b465ee728b)
Start importing Assets/ExampleAssets/Models/hammer_low.fbx using Guid(68a66fb5a71f8204a8dcb613c97d1fa8) Importer(815301076,1909f56bfc062723c751e8b465ee728b)  -> (artifact id: 'f626ff272d511e7322330f2bcdbef4ea') in 0.013060 seconds
  Import took 0.017455 seconds .

========================================================================
Received Import Request.
  Time since last request: 0.340831 seconds.
  path: Assets/ExampleAssets/Models/paintbucket_low.fbx
  artifactKey: Guid(b451a052397f03c4f8a04d915d1c0492) Importer(815301076,1909f56bfc062723c751e8b465ee728b)
Start importing Assets/ExampleAssets/Models/paintbucket_low.fbx using Guid(b451a052397f03c4f8a04d915d1c0492) Importer(815301076,1909f56bfc062723c751e8b465ee728b)  -> (artifact id: '9a08c55307131935315b37821c454e31') in 0.039933 seconds
  Import took 0.044397 seconds .

========================================================================
Received Import Request.
  Time since last request: 0.439863 seconds.
  path: Assets/ExampleAssets/Models/safetygoggles_low.fbx
  artifactKey: Guid(6296e48663fd7ad46b1a2af507f871cf) Importer(815301076,1909f56bfc062723c751e8b465ee728b)
Start importing Assets/ExampleAssets/Models/safetygoggles_low.fbx using Guid(6296e48663fd7ad46b1a2af507f871cf) Importer(815301076,1909f56bfc062723c751e8b465ee728b)  -> (artifact id: 'e86b5c894b3315ae57688359624b8e76') in 0.201264 seconds
  Import took 0.205859 seconds .

========================================================================
Received Import Request.
  Time since last request: 0.504950 seconds.
  path: Assets/ExampleAssets
  artifactKey: Guid(990f5c2df70993f4987a388ca178996a) Importer(815301076,1909f56bfc062723c751e8b465ee728b)
Start importing Assets/ExampleAssets using Guid(990f5c2df70993f4987a388ca178996a) Importer(815301076,1909f56bfc062723c751e8b465ee728b)  -> (artifact id: '54e67b96d22055c43e52b10ee32d0134') in 0.002668 seconds
  Import took 0.006783 seconds .

========================================================================
Received Import Request.
  Time since last request: 1.806258 seconds.
  path: Assets/Materials
  artifactKey: Guid(d0234ba368eeec9418390da711bfdad0) Importer(815301076,1909f56bfc062723c751e8b465ee728b)
Start importing Assets/Materials using Guid(d0234ba368eeec9418390da711bfdad0) Importer(815301076,1909f56bfc062723c751e8b465ee728b)  -> (artifact id: 'af3059645bf3517e3864836cb7870e83') in 0.002030 seconds
  Import took 0.006334 seconds .

========================================================================
Received Import Request.
  Time since last request: 0.300271 seconds.
  path: Assets/GraphCaches
  artifactKey: Guid(2901bdded23a532448eaee858508b7e6) Importer(815301076,1909f56bfc062723c751e8b465ee728b)
Start importing Assets/GraphCaches using Guid(2901bdded23a532448eaee858508b7e6) Importer(815301076,1909f56bfc062723c751e8b465ee728b)  -> (artifact id: '3d6297abbadf80c237fbbe3732debfe0') in 0.002568 seconds
  Import took 0.006731 seconds .

========================================================================
Received Import Request.
  Time since last request: 1.289862 seconds.
  path: Assets/GraphCaches/GraphCache.bytes
  artifactKey: Guid(b11dd47687c0556418f652efd8437705) Importer(815301076,1909f56bfc062723c751e8b465ee728b)
Start importing Assets/GraphCaches/GraphCache.bytes using Guid(b11dd47687c0556418f652efd8437705) Importer(815301076,1909f56bfc062723c751e8b465ee728b)  -> (artifact id: '3359fb4f2cd40152810c46071f984d43') in 0.004472 seconds
  Import took 0.008736 seconds .

========================================================================
Received Import Request.
  Time since last request: 1.871858 seconds.
  path: Assets/Plugins
  artifactKey: Guid(b841505054235ff4f95ee4685d0e0c4e) Importer(815301076,1909f56bfc062723c751e8b465ee728b)
Start importing Assets/Plugins using Guid(b841505054235ff4f95ee4685d0e0c4e) Importer(815301076,1909f56bfc062723c751e8b465ee728b)  -> (artifact id: 'e38bcbf82d340b2edf005cd418906b6f') in 0.002899 seconds
  Import took 0.007116 seconds .

========================================================================
Received Import Request.
  Time since last request: 4.793135 seconds.
  path: Assets/Plugins/AstarPathfindingProject
  artifactKey: Guid(2ab4ac7660a1ce8458e7f22a5c31a902) Importer(815301076,1909f56bfc062723c751e8b465ee728b)
Start importing Assets/Plugins/AstarPathfindingProject using Guid(2ab4ac7660a1ce8458e7f22a5c31a902) Importer(815301076,1909f56bfc062723c751e8b465ee728b)  -> (artifact id: '2374eace81f12d450c57adae501d8be2') in 0.002201 seconds
  Import took 0.006582 seconds .

========================================================================
Received Import Request.
  Time since last request: 18.219353 seconds.
  path: Assets/Scene/Game.unity
  artifactKey: Guid(91f96c8e0f3835a4ea88bd4e0ab4b29e) Importer(815301076,1909f56bfc062723c751e8b465ee728b)
Start importing Assets/Scene/Game.unity using Guid(91f96c8e0f3835a4ea88bd4e0ab4b29e) Importer(815301076,1909f56bfc062723c751e8b465ee728b)  -> (artifact id: '25b01eda3547b56d5b4a6b45dd7bece5') in 0.002659 seconds
  Import took 0.007346 seconds .

========================================================================
Received Import Request.
  Time since last request: 16.283029 seconds.
  path: Assets/AstarPathfindingEditor
  artifactKey: Guid(d54f821c4c4c4154fb3ef6b42367fb67) Importer(815301076,1909f56bfc062723c751e8b465ee728b)
Start importing Assets/AstarPathfindingEditor using Guid(d54f821c4c4c4154fb3ef6b42367fb67) Importer(815301076,1909f56bfc062723c751e8b465ee728b)  -> (artifact id: 'c5c08128e7a0aa065e12c6a8708ad87d') in 0.002930 seconds
  Import took 0.007523 seconds .

========================================================================
Received Import Request.
  Time since last request: 31.169486 seconds.
  path: Assets/Plugins/AstarPathfindingProject/Behaviors
  artifactKey: Guid(5eeb3c5df5ca840d3ae6b93e6b207d74) Importer(815301076,1909f56bfc062723c751e8b465ee728b)
Start importing Assets/Plugins/AstarPathfindingProject/Behaviors using Guid(5eeb3c5df5ca840d3ae6b93e6b207d74) Importer(815301076,1909f56bfc062723c751e8b465ee728b)  -> (artifact id: '3b925e4643993e2bfff329fb6fb969f3') in 0.002526 seconds
  Import took 0.007095 seconds .

========================================================================
Received Prepare
Registering precompiled user dll's ...
Registered in 0.001482 seconds.
Begin MonoManager ReloadAssembly
Native extension for WindowsStandalone target not found
Refreshing native plugins compatible for Editor in 0.54 ms, found 0 plugins.
Preloading 0 native plugins for Editor in 0.00 ms.
Invoked RoslynAnalysisRunner static constructor.
RoslynAnalysisRunner will not be running.
RoslynAnalysisRunner has terminated.
Mono: successfully reloaded assembly
- Completed reload, in  1.081 seconds
Platform modules already initialized, skipping
Shader 'Universal Render Pipeline/Particles/Lit': fallback shader 'Universal Render Pipeline/Particles/SimpleLit' not found
Shader 'Universal Render Pipeline/Particles/Lit': fallback shader 'Universal Render Pipeline/Particles/SimpleLit' not found
Refreshing native plugins compatible for Editor in 0.99 ms, found 0 plugins.
Preloading 0 native plugins for Editor in 0.00 ms.
Unloading 2713 Unused Serialized files (Serialized files now loaded: 0)
System memory in use before: 127.4 MB.
System memory in use after: 125.2 MB.

Unloading 42 unused Assets to reduce memory usage. Loaded Objects now: 3336.
Total: 4.914500 ms (FindLiveObjects: 0.719800 ms CreateObjectMapping: 0.108300 ms MarkObjects: 2.724300 ms  DeleteObjects: 1.360000 ms)

========================================================================
Received Import Request.
  Time since last request: 8.891318 seconds.
  path: Assets/Presets
  artifactKey: Guid(558255460b74ec04fa70b5570e9327bd) Importer(815301076,1909f56bfc062723c751e8b465ee728b)
Start importing Assets/Presets using Guid(558255460b74ec04fa70b5570e9327bd) Importer(815301076,1909f56bfc062723c751e8b465ee728b)  -> (artifact id: '81320b3cd8a1a3d750cca3b32b08e672') in 0.009882 seconds
  Import took 0.015591 seconds .

========================================================================
Received Import Request.
  Time since last request: 2.560203 seconds.
  path: Assets/Presets/AudioCompressedInMemory.preset
  artifactKey: Guid(2dd802e4d37c65149922028d3e973832) Importer(815301076,1909f56bfc062723c751e8b465ee728b)
Start importing Assets/Presets/AudioCompressedInMemory.preset using Guid(2dd802e4d37c65149922028d3e973832) Importer(815301076,1909f56bfc062723c751e8b465ee728b)  -> (artifact id: '95ec6fed0774f5e64b6ce4b31e16d570') in 0.013557 seconds
  Import took 0.017920 seconds .

========================================================================
Received Import Request.
  Time since last request: 0.022707 seconds.
  path: Assets/Presets/AudioCompressedInMemory.preset
  artifactKey: Guid(2dd802e4d37c65149922028d3e973832) Importer(815301076,1909f56bfc062723c751e8b465ee728b)
Start importing Assets/Presets/AudioCompressedInMemory.preset using Guid(2dd802e4d37c65149922028d3e973832) Importer(815301076,1909f56bfc062723c751e8b465ee728b)  -> (artifact id: '95ec6fed0774f5e64b6ce4b31e16d570') in 0.002937 seconds
  Import took 0.007575 seconds .

========================================================================
Received Import Request.
  Time since last request: 7.254842 seconds.
  path: Assets/Presets/Defaults/AlbedoTexture_Default.preset
  artifactKey: Guid(e8537455c6c08bd4e8bf0be3707da685) Importer(815301076,1909f56bfc062723c751e8b465ee728b)
Start importing Assets/Presets/Defaults/AlbedoTexture_Default.preset using Guid(e8537455c6c08bd4e8bf0be3707da685) Importer(815301076,1909f56bfc062723c751e8b465ee728b)  -> (artifact id: 'a6e699e5cf98191361d1a94746b4b736') in 0.004042 seconds
  Import took 0.008342 seconds .

========================================================================
Received Import Request.
  Time since last request: 0.022939 seconds.
  path: Assets/Presets/Defaults/AlbedoTexture_Default.preset
  artifactKey: Guid(e8537455c6c08bd4e8bf0be3707da685) Importer(815301076,1909f56bfc062723c751e8b465ee728b)
Start importing Assets/Presets/Defaults/AlbedoTexture_Default.preset using Guid(e8537455c6c08bd4e8bf0be3707da685) Importer(815301076,1909f56bfc062723c751e8b465ee728b)  -> (artifact id: 'a6e699e5cf98191361d1a94746b4b736') in 0.003865 seconds
  Import took 0.008149 seconds .

========================================================================
Received Import Request.
  Time since last request: 6.885665 seconds.
  path: Assets/Scenes/SampleScene.unity
  artifactKey: Guid(d1c3109bdb54ad54c8a2b2838528e640) Importer(815301076,1909f56bfc062723c751e8b465ee728b)
Start importing Assets/Scenes/SampleScene.unity using Guid(d1c3109bdb54ad54c8a2b2838528e640) Importer(815301076,1909f56bfc062723c751e8b465ee728b)  -> (artifact id: '3c0d36382bdc373bd0a05e5cf1e6e15c') in 0.002794 seconds
  Import took 0.007093 seconds .

========================================================================
Received Import Request.
  Time since last request: 0.495881 seconds.
  path: Assets/Scenes
  artifactKey: Guid(3fd0d613a461cf3469f055d2fcdc42d7) Importer(815301076,1909f56bfc062723c751e8b465ee728b)
Start importing Assets/Scenes using Guid(3fd0d613a461cf3469f055d2fcdc42d7) Importer(815301076,1909f56bfc062723c751e8b465ee728b)  -> (artifact id: '9ed9db70268b84e4f99d3debd1ad47e8') in 0.002244 seconds
  Import took 0.006263 seconds .

========================================================================
Received Import Request.
  Time since last request: 19.804311 seconds.
  path: Assets/UGUIMiniMap/Content
  artifactKey: Guid(7768b948ce590ab41aba7da126a8ce78) Importer(815301076,1909f56bfc062723c751e8b465ee728b)
Start importing Assets/UGUIMiniMap/Content using Guid(7768b948ce590ab41aba7da126a8ce78) Importer(815301076,1909f56bfc062723c751e8b465ee728b)  -> (artifact id: '31fa1e2d87a288a0708b70f4cf21a6c8') in 0.002775 seconds
  Import took 0.007829 seconds .

========================================================================
Received Prepare
Registering precompiled user dll's ...
Registered in 0.001448 seconds.
Begin MonoManager ReloadAssembly
Native extension for WindowsStandalone target not found
Refreshing native plugins compatible for Editor in 0.58 ms, found 0 plugins.
Preloading 0 native plugins for Editor in 0.00 ms.
Invoked RoslynAnalysisRunner static constructor.
RoslynAnalysisRunner will not be running.
RoslynAnalysisRunner has terminated.
Mono: successfully reloaded assembly
- Completed reload, in  0.869 seconds
Platform modules already initialized, skipping
Shader 'Universal Render Pipeline/Particles/Lit': fallback shader 'Universal Render Pipeline/Particles/SimpleLit' not found
Shader 'Universal Render Pipeline/Particles/Lit': fallback shader 'Universal Render Pipeline/Particles/SimpleLit' not found
Refreshing native plugins compatible for Editor in 0.54 ms, found 0 plugins.
Preloading 0 native plugins for Editor in 0.00 ms.
Unloading 2713 Unused Serialized files (Serialized files now loaded: 0)
System memory in use before: 127.3 MB.
System memory in use after: 125.2 MB.

Unloading 42 unused Assets to reduce memory usage. Loaded Objects now: 3339.
Total: 3.323600 ms (FindLiveObjects: 0.329800 ms CreateObjectMapping: 0.075100 ms MarkObjects: 1.622800 ms  DeleteObjects: 1.294800 ms)

========================================================================
Received Import Request.
  Time since last request: 16.077843 seconds.
  path: Assets/Settings
  artifactKey: Guid(0735c275001a2c84dafdb30deced5d8d) Importer(815301076,1909f56bfc062723c751e8b465ee728b)
Start importing Assets/Settings using Guid(0735c275001a2c84dafdb30deced5d8d) Importer(815301076,1909f56bfc062723c751e8b465ee728b)  -> (artifact id: '6ca1225e92ee2e11a693ed3bf1c30361') in 0.006325 seconds
  Import took 0.010651 seconds .

========================================================================
Received Import Request.
  Time since last request: 0.000212 seconds.
  path: Assets/Scene
  artifactKey: Guid(5baa3b41f4e4b4f43996d36b60caad16) Importer(815301076,1909f56bfc062723c751e8b465ee728b)
Start importing Assets/Scene using Guid(5baa3b41f4e4b4f43996d36b60caad16) Importer(815301076,1909f56bfc062723c751e8b465ee728b)  -> (artifact id: '97d5f865f33575a22f20b547ce66ab3a') in 0.001856 seconds
  Import took 0.005760 seconds .

========================================================================
Received Prepare
Registering precompiled user dll's ...
Registered in 0.001553 seconds.
Begin MonoManager ReloadAssembly
Native extension for WindowsStandalone target not found
Refreshing native plugins compatible for Editor in 0.54 ms, found 0 plugins.
Preloading 0 native plugins for Editor in 0.00 ms.
Invoked RoslynAnalysisRunner static constructor.
RoslynAnalysisRunner will not be running.
RoslynAnalysisRunner has terminated.
Mono: successfully reloaded assembly
- Completed reload, in  0.973 seconds
Platform modules already initialized, skipping
Shader 'Universal Render Pipeline/Particles/Lit': fallback shader 'Universal Render Pipeline/Particles/SimpleLit' not found
Shader 'Universal Render Pipeline/Particles/Lit': fallback shader 'Universal Render Pipeline/Particles/SimpleLit' not found
Refreshing native plugins compatible for Editor in 0.55 ms, found 0 plugins.
Preloading 0 native plugins for Editor in 0.00 ms.
Unloading 2713 Unused Serialized files (Serialized files now loaded: 0)
System memory in use before: 127.3 MB.
System memory in use after: 125.2 MB.

Unloading 42 unused Assets to reduce memory usage. Loaded Objects now: 3342.
Total: 4.052000 ms (FindLiveObjects: 0.449800 ms CreateObjectMapping: 0.090300 ms MarkObjects: 2.100400 ms  DeleteObjects: 1.410300 ms)

========================================================================
Received Import Request.
  Time since last request: 2405.320844 seconds.
  path: Assets/Config
  artifactKey: Guid(c73018a70844f3f498838bf38b0fddaa) Importer(815301076,1909f56bfc062723c751e8b465ee728b)
Start importing Assets/Config using Guid(c73018a70844f3f498838bf38b0fddaa) Importer(815301076,1909f56bfc062723c751e8b465ee728b)  -> (artifact id: '79b7166168fb142c06a5e49cf6fcdd99') in 0.006220 seconds
  Import took 0.010820 seconds .

========================================================================
Received Import Request.
  Time since last request: 4.525927 seconds.
  path: Assets/Config/Story/--.md
  artifactKey: Guid(ddc7eabc40220784998e75c089197c3f) Importer(815301076,1909f56bfc062723c751e8b465ee728b)
Start importing Assets/Config/Story/--.md using Guid(ddc7eabc40220784998e75c089197c3f) Importer(815301076,1909f56bfc062723c751e8b465ee728b)  -> (artifact id: 'faa27201f2e3b6689dd9caffc3b847a7') in 0.011793 seconds
  Import took 0.016108 seconds .

========================================================================
Received Import Request.
  Time since last request: 0.018586 seconds.
  path: Assets/Config/Story/--.md
  artifactKey: Guid(ddc7eabc40220784998e75c089197c3f) Importer(815301076,1909f56bfc062723c751e8b465ee728b)
Start importing Assets/Config/Story/--.md using Guid(ddc7eabc40220784998e75c089197c3f) Importer(815301076,1909f56bfc062723c751e8b465ee728b)  -> (artifact id: 'faa27201f2e3b6689dd9caffc3b847a7') in 0.002298 seconds
  Import took 0.005953 seconds .

========================================================================
Received Import Request.
  Time since last request: 31.832356 seconds.
  path: Assets/Config/Story/Story1.asset
  artifactKey: Guid(025a8e5566c8e234295febe6ed369a0e) Importer(815301076,1909f56bfc062723c751e8b465ee728b)
Start importing Assets/Config/Story/Story1.asset using Guid(025a8e5566c8e234295febe6ed369a0e) Importer(815301076,1909f56bfc062723c751e8b465ee728b)  -> (artifact id: '58581cbd74d4d96a505c2be5a6dea00a') in 0.005378 seconds
  Import took 0.010458 seconds .

========================================================================
Received Import Request.
  Time since last request: 17.279722 seconds.
  path: Assets/Config/CharaterInfo
  artifactKey: Guid(261409df0c2eade48b459302d140c85c) Importer(815301076,1909f56bfc062723c751e8b465ee728b)
Start importing Assets/Config/CharaterInfo using Guid(261409df0c2eade48b459302d140c85c) Importer(815301076,1909f56bfc062723c751e8b465ee728b)  -> (artifact id: '1314f115a92f5cb4b7255b9fca4f9897') in 0.002401 seconds
  Import took 0.006605 seconds .

========================================================================
Received Prepare
Registering precompiled user dll's ...
Registered in 0.001469 seconds.
Begin MonoManager ReloadAssembly
Native extension for WindowsStandalone target not found
Refreshing native plugins compatible for Editor in 0.53 ms, found 0 plugins.
Preloading 0 native plugins for Editor in 0.00 ms.
Invoked RoslynAnalysisRunner static constructor.
RoslynAnalysisRunner will not be running.
RoslynAnalysisRunner has terminated.
Mono: successfully reloaded assembly
- Completed reload, in  0.843 seconds
Platform modules already initialized, skipping
Shader 'Universal Render Pipeline/Particles/Lit': fallback shader 'Universal Render Pipeline/Particles/SimpleLit' not found
Shader 'Universal Render Pipeline/Particles/Lit': fallback shader 'Universal Render Pipeline/Particles/SimpleLit' not found
Refreshing native plugins compatible for Editor in 0.54 ms, found 0 plugins.
Preloading 0 native plugins for Editor in 0.00 ms.
Unloading 2713 Unused Serialized files (Serialized files now loaded: 0)
System memory in use before: 127.3 MB.
System memory in use after: 125.2 MB.

Unloading 42 unused Assets to reduce memory usage. Loaded Objects now: 3345.
Total: 3.829400 ms (FindLiveObjects: 0.407100 ms CreateObjectMapping: 0.073200 ms MarkObjects: 1.825000 ms  DeleteObjects: 1.522700 ms)

========================================================================
Received Prepare
Registering precompiled user dll's ...
Registered in 0.001414 seconds.
Begin MonoManager ReloadAssembly
Native extension for WindowsStandalone target not found
Refreshing native plugins compatible for Editor in 0.54 ms, found 0 plugins.
Preloading 0 native plugins for Editor in 0.00 ms.
Invoked RoslynAnalysisRunner static constructor.
RoslynAnalysisRunner will not be running.
RoslynAnalysisRunner has terminated.
Mono: successfully reloaded assembly
- Completed reload, in  0.886 seconds
Platform modules already initialized, skipping
Shader 'Universal Render Pipeline/Particles/Lit': fallback shader 'Universal Render Pipeline/Particles/SimpleLit' not found
Shader 'Universal Render Pipeline/Particles/Lit': fallback shader 'Universal Render Pipeline/Particles/SimpleLit' not found
Refreshing native plugins compatible for Editor in 0.57 ms, found 0 plugins.
Preloading 0 native plugins for Editor in 0.00 ms.
Unloading 2713 Unused Serialized files (Serialized files now loaded: 0)
System memory in use before: 127.3 MB.
System memory in use after: 125.2 MB.

Unloading 42 unused Assets to reduce memory usage. Loaded Objects now: 3348.
Total: 3.926600 ms (FindLiveObjects: 0.451600 ms CreateObjectMapping: 0.079500 ms MarkObjects: 1.874000 ms  DeleteObjects: 1.520200 ms)

========================================================================
Received Prepare
Registering precompiled user dll's ...
Registered in 0.001434 seconds.
Begin MonoManager ReloadAssembly
Native extension for WindowsStandalone target not found
Refreshing native plugins compatible for Editor in 0.53 ms, found 0 plugins.
Preloading 0 native plugins for Editor in 0.00 ms.
Invoked RoslynAnalysisRunner static constructor.
RoslynAnalysisRunner will not be running.
RoslynAnalysisRunner has terminated.
Mono: successfully reloaded assembly
- Completed reload, in  0.844 seconds
Platform modules already initialized, skipping
Shader 'Universal Render Pipeline/Particles/Lit': fallback shader 'Universal Render Pipeline/Particles/SimpleLit' not found
Shader 'Universal Render Pipeline/Particles/Lit': fallback shader 'Universal Render Pipeline/Particles/SimpleLit' not found
Refreshing native plugins compatible for Editor in 0.51 ms, found 0 plugins.
Preloading 0 native plugins for Editor in 0.00 ms.
Unloading 2713 Unused Serialized files (Serialized files now loaded: 0)
System memory in use before: 127.4 MB.
System memory in use after: 125.2 MB.

Unloading 42 unused Assets to reduce memory usage. Loaded Objects now: 3351.
Total: 4.649200 ms (FindLiveObjects: 0.625200 ms CreateObjectMapping: 0.093900 ms MarkObjects: 2.153100 ms  DeleteObjects: 1.775700 ms)

========================================================================
Received Prepare
Registering precompiled user dll's ...
Registered in 0.001403 seconds.
Begin MonoManager ReloadAssembly
Native extension for WindowsStandalone target not found
Refreshing native plugins compatible for Editor in 0.54 ms, found 0 plugins.
Preloading 0 native plugins for Editor in 0.00 ms.
Invoked RoslynAnalysisRunner static constructor.
RoslynAnalysisRunner will not be running.
RoslynAnalysisRunner has terminated.
Mono: successfully reloaded assembly
- Completed reload, in  0.808 seconds
Platform modules already initialized, skipping
Shader 'Universal Render Pipeline/Particles/Lit': fallback shader 'Universal Render Pipeline/Particles/SimpleLit' not found
Shader 'Universal Render Pipeline/Particles/Lit': fallback shader 'Universal Render Pipeline/Particles/SimpleLit' not found
Refreshing native plugins compatible for Editor in 0.57 ms, found 0 plugins.
Preloading 0 native plugins for Editor in 0.00 ms.
Unloading 2713 Unused Serialized files (Serialized files now loaded: 0)
System memory in use before: 127.4 MB.
System memory in use after: 125.2 MB.

Unloading 42 unused Assets to reduce memory usage. Loaded Objects now: 3354.
Total: 3.904400 ms (FindLiveObjects: 0.370900 ms CreateObjectMapping: 0.078200 ms MarkObjects: 1.942500 ms  DeleteObjects: 1.511100 ms)

========================================================================
Received Prepare
Registering precompiled user dll's ...
Registered in 0.001703 seconds.
Begin MonoManager ReloadAssembly
Native extension for WindowsStandalone target not found
Refreshing native plugins compatible for Editor in 0.51 ms, found 0 plugins.
Preloading 0 native plugins for Editor in 0.00 ms.
Invoked RoslynAnalysisRunner static constructor.
RoslynAnalysisRunner will not be running.
RoslynAnalysisRunner has terminated.
Mono: successfully reloaded assembly
- Completed reload, in  0.841 seconds
Platform modules already initialized, skipping
Shader 'Universal Render Pipeline/Particles/Lit': fallback shader 'Universal Render Pipeline/Particles/SimpleLit' not found
Shader 'Universal Render Pipeline/Particles/Lit': fallback shader 'Universal Render Pipeline/Particles/SimpleLit' not found
Refreshing native plugins compatible for Editor in 0.51 ms, found 0 plugins.
Preloading 0 native plugins for Editor in 0.00 ms.
Unloading 2713 Unused Serialized files (Serialized files now loaded: 0)
System memory in use before: 127.4 MB.
System memory in use after: 125.2 MB.

Unloading 42 unused Assets to reduce memory usage. Loaded Objects now: 3357.
Total: 3.872900 ms (FindLiveObjects: 0.423700 ms CreateObjectMapping: 0.081600 ms MarkObjects: 1.912100 ms  DeleteObjects: 1.454200 ms)

========================================================================
Received Import Request.
  Time since last request: 688.967984 seconds.
  path: Assets/c#Learnning1.jpg
  artifactKey: Guid(2cda5bbb503932a4faac2f93d53a08ce) Importer(815301076,1909f56bfc062723c751e8b465ee728b)
Start importing Assets/c#Learnning1.jpg using Guid(2cda5bbb503932a4faac2f93d53a08ce) Importer(815301076,1909f56bfc062723c751e8b465ee728b)  -> (artifact id: 'f1af0b78a124d95c787600e4bbc81e6f') in 0.044861 seconds
  Import took 0.049524 seconds .

========================================================================
Received Import Request.
  Time since last request: 4.380296 seconds.
  path: Assets/c#Learnning2.jpg
  artifactKey: Guid(f3188c7440b9d8f4c94dd45be4fee0dc) Importer(815301076,1909f56bfc062723c751e8b465ee728b)
Start importing Assets/c#Learnning2.jpg using Guid(f3188c7440b9d8f4c94dd45be4fee0dc) Importer(815301076,1909f56bfc062723c751e8b465ee728b)  -> (artifact id: 'ee9478005944ea5b71ed8c44801c5170') in 0.020801 seconds
  Import took 0.025135 seconds .

========================================================================
Received Prepare
Registering precompiled user dll's ...
Registered in 0.002211 seconds.
Begin MonoManager ReloadAssembly
Native extension for WindowsStandalone target not found
Refreshing native plugins compatible for Editor in 0.63 ms, found 0 plugins.
Preloading 0 native plugins for Editor in 0.00 ms.
Invoked RoslynAnalysisRunner static constructor.
RoslynAnalysisRunner will not be running.
RoslynAnalysisRunner has terminated.
Mono: successfully reloaded assembly
- Completed reload, in  0.928 seconds
Platform modules already initialized, skipping
Shader 'Universal Render Pipeline/Particles/Lit': fallback shader 'Universal Render Pipeline/Particles/SimpleLit' not found
Shader 'Universal Render Pipeline/Particles/Lit': fallback shader 'Universal Render Pipeline/Particles/SimpleLit' not found
Refreshing native plugins compatible for Editor in 0.81 ms, found 0 plugins.
Preloading 0 native plugins for Editor in 0.00 ms.
Unloading 2713 Unused Serialized files (Serialized files now loaded: 0)
System memory in use before: 127.4 MB.
System memory in use after: 125.2 MB.

Unloading 42 unused Assets to reduce memory usage. Loaded Objects now: 3362.
Total: 3.583000 ms (FindLiveObjects: 0.453600 ms CreateObjectMapping: 0.066500 ms MarkObjects: 1.657100 ms  DeleteObjects: 1.404100 ms)

========================================================================
Received Import Request.
  Time since last request: 14.187962 seconds.
  path: Assets/Scripts/Config/Story/SCStroyConfig.cs
  artifactKey: Guid(ad5cb2452a39e704b950a58e1e21ac17) Importer(815301076,1909f56bfc062723c751e8b465ee728b)
Start importing Assets/Scripts/Config/Story/SCStroyConfig.cs using Guid(ad5cb2452a39e704b950a58e1e21ac17) Importer(815301076,1909f56bfc062723c751e8b465ee728b)  -> (artifact id: 'f3585e04f683a78a407ae35aa0fa4a99') in 0.006578 seconds
  Import took 0.011056 seconds .

========================================================================
Received Import Request.
  Time since last request: 3.298661 seconds.
  path: Assets/Scripts/TimeLine
  artifactKey: Guid(c494621aeb214cc4d832afbdc87d922c) Importer(815301076,1909f56bfc062723c751e8b465ee728b)
Start importing Assets/Scripts/TimeLine using Guid(c494621aeb214cc4d832afbdc87d922c) Importer(815301076,1909f56bfc062723c751e8b465ee728b)  -> (artifact id: '55ec9fedc8b90fad223e585de56066c5') in 0.002195 seconds
  Import took 0.006171 seconds .

AssetImportWorkerClient::OnTransportError - code=2 error=End of file
