Using pre-set license
Built from '2020.3/release' branch; Version is '2020.3.0f1 (ac674f7398) revision 11298639'; Using compiler version '191627045'; Build Type 'Release'
OS: 'Windows 10 Pro; OS build 19042.1237; Version 2009; 64bit' Language: 'zh' Physical Memory: 32701 MB
BatchMode: 1, IsHumanControllingUs: 0, StartBugReporterOnCrash: 0, Is64bit: 1, IsPro: 0

 COMMAND LINE ARGUMENTS:
F:\Unity2020.3.0f1\Unity2020.3.0f1\Unity.exe
-adb2
-batchMode
-noUpm
-name
AssetImportWorker2
-projectPath
D:/cygwin/home/kingsoft/UOC-University
-logFile
Logs/AssetImportWorker2.log
-srvPort
58557
Successfully changed project path to: D:/cygwin/home/kingsoft/UOC-University
D:/cygwin/home/kingsoft/UOC-University
Using Asset Import Pipeline V2.
Refreshing native plugins compatible for Editor in 56.69 ms, found 0 plugins.
Preloading 0 native plugins for Editor in 0.00 ms.
Initialize engine version: 2020.3.0f1 (ac674f7398)
[Subsystems] Discovering subsystems at path F:/Unity2020.3.0f1/Unity2020.3.0f1/Data/Resources/UnitySubsystems
[Subsystems] Discovering subsystems at path D:/cygwin/home/kingsoft/UOC-University/Assets
GfxDevice: creating device client; threaded=0
Direct3D:
    Version:  Direct3D 11.0 [level 11.1]
    Renderer: NVIDIA GeForce RTX 2060 (ID=0x1f08)
    Vendor:   
    VRAM:     5980 MB
    Driver:   27.21.14.6192
Initialize mono
Mono path[0] = 'F:/Unity2020.3.0f1/Unity2020.3.0f1/Data/Managed'
Mono path[1] = 'F:/Unity2020.3.0f1/Unity2020.3.0f1/Data/MonoBleedingEdge/lib/mono/unityjit'
Mono config path = 'F:/Unity2020.3.0f1/Unity2020.3.0f1/Data/MonoBleedingEdge/etc'
Using monoOptions --debugger-agent=transport=dt_socket,embedding=1,server=y,suspend=n,address=127.0.0.1:56224
Begin MonoManager ReloadAssembly
Registering precompiled unity dll's ...
Register platform support module: F:/Unity2020.3.0f1/Unity2020.3.0f1/Data/PlaybackEngines/WindowsStandaloneSupport/UnityEditor.WindowsStandalone.Extensions.dll
Registered in 0.001010 seconds.
Native extension for WindowsStandalone target not found
Refreshing native plugins compatible for Editor in 59.48 ms, found 0 plugins.
Preloading 0 native plugins for Editor in 0.00 ms.
Invoked RoslynAnalysisRunner static constructor.
RoslynAnalysisRunner will not be running.
RoslynAnalysisRunner has terminated.
Mono: successfully reloaded assembly
- Completed reload, in  0.798 seconds
Platform modules already initialized, skipping
Registering precompiled user dll's ...
Registered in 0.004590 seconds.
Begin MonoManager ReloadAssembly
Native extension for WindowsStandalone target not found
Refreshing native plugins compatible for Editor in 49.06 ms, found 0 plugins.
Preloading 0 native plugins for Editor in 0.00 ms.
Invoked RoslynAnalysisRunner static constructor.
RoslynAnalysisRunner will not be running.
RoslynAnalysisRunner has terminated.
Mono: successfully reloaded assembly
- Completed reload, in  3.780 seconds
Platform modules already initialized, skipping
========================================================================
Worker process is ready to serve import requests
Shader 'Universal Render Pipeline/Particles/Lit': fallback shader 'Universal Render Pipeline/Particles/SimpleLit' not found
Shader 'Universal Render Pipeline/Particles/Lit': fallback shader 'Universal Render Pipeline/Particles/SimpleLit' not found
Launched and connected shader compiler UnityShaderCompiler.exe after 0.13 seconds
Refreshing native plugins compatible for Editor in 0.66 ms, found 0 plugins.
Preloading 0 native plugins for Editor in 0.00 ms.
Unloading 2827 Unused Serialized files (Serialized files now loaded: 0)
System memory in use before: 126.2 MB.
System memory in use after: 124.0 MB.

Unloading 59 unused Assets to reduce memory usage. Loaded Objects now: 3280.
Total: 20.805400 ms (FindLiveObjects: 0.386700 ms CreateObjectMapping: 0.087500 ms MarkObjects: 19.166800 ms  DeleteObjects: 1.162800 ms)

========================================================================
Received Import Request.
  path: Assets/Scripts/Config/Story/SCStroyConfig.cs
  artifactKey: Guid(ad5cb2452a39e704b950a58e1e21ac17) Importer(815301076,1909f56bfc062723c751e8b465ee728b)
Start importing Assets/Scripts/Config/Story/SCStroyConfig.cs using Guid(ad5cb2452a39e704b950a58e1e21ac17) Importer(815301076,1909f56bfc062723c751e8b465ee728b)  -> (artifact id: '5b8157ca88666eb6615aecb63e0c0aab') in 0.028543 seconds
  Import took 0.160098 seconds .

AssetImportWorkerClient::OnTransportError - code=2 error=End of file
