Using pre-set license
Built from '2020.3/release' branch; Version is '2020.3.0f1 (ac674f7398) revision 11298639'; Using compiler version '191627045'; Build Type 'Release'
OS: 'Windows 10 Pro; OS build 19042.1237; Version 2009; 64bit' Language: 'zh' Physical Memory: 32701 MB
BatchMode: 1, IsHumanControllingUs: 0, StartBugReporterOnCrash: 0, Is64bit: 1, IsPro: 0

 COMMAND LINE ARGUMENTS:
F:\Unity2020.3.0f1\Unity2020.3.0f1\Unity.exe
-adb2
-batchMode
-noUpm
-name
AssetImportWorker2
-projectPath
D:/cygwin/home/kingsoft/UOC-University
-logFile
Logs/AssetImportWorker2.log
-srvPort
50349
Successfully changed project path to: D:/cygwin/home/kingsoft/UOC-University
D:/cygwin/home/kingsoft/UOC-University
Using Asset Import Pipeline V2.
Refreshing native plugins compatible for Editor in 60.78 ms, found 0 plugins.
Preloading 0 native plugins for Editor in 0.00 ms.
Initialize engine version: 2020.3.0f1 (ac674f7398)
[Subsystems] Discovering subsystems at path F:/Unity2020.3.0f1/Unity2020.3.0f1/Data/Resources/UnitySubsystems
[Subsystems] Discovering subsystems at path D:/cygwin/home/kingsoft/UOC-University/Assets
GfxDevice: creating device client; threaded=0
Direct3D:
    Version:  Direct3D 11.0 [level 11.1]
    Renderer: NVIDIA GeForce RTX 2060 (ID=0x1f08)
    Vendor:   
    VRAM:     5980 MB
    Driver:   27.21.14.6192
Initialize mono
Mono path[0] = 'F:/Unity2020.3.0f1/Unity2020.3.0f1/Data/Managed'
Mono path[1] = 'F:/Unity2020.3.0f1/Unity2020.3.0f1/Data/MonoBleedingEdge/lib/mono/unityjit'
Mono config path = 'F:/Unity2020.3.0f1/Unity2020.3.0f1/Data/MonoBleedingEdge/etc'
Using monoOptions --debugger-agent=transport=dt_socket,embedding=1,server=y,suspend=n,address=127.0.0.1:56436
Begin MonoManager ReloadAssembly
Registering precompiled unity dll's ...
Register platform support module: F:/Unity2020.3.0f1/Unity2020.3.0f1/Data/PlaybackEngines/WindowsStandaloneSupport/UnityEditor.WindowsStandalone.Extensions.dll
Registered in 0.001009 seconds.
Native extension for WindowsStandalone target not found
Refreshing native plugins compatible for Editor in 75.01 ms, found 0 plugins.
Preloading 0 native plugins for Editor in 0.00 ms.
Invoked RoslynAnalysisRunner static constructor.
RoslynAnalysisRunner will not be running.
RoslynAnalysisRunner has terminated.
Mono: successfully reloaded assembly
- Completed reload, in  0.935 seconds
Platform modules already initialized, skipping
Registering precompiled user dll's ...
Registered in 0.005767 seconds.
Begin MonoManager ReloadAssembly
Native extension for WindowsStandalone target not found
Refreshing native plugins compatible for Editor in 50.16 ms, found 0 plugins.
Preloading 0 native plugins for Editor in 0.00 ms.
Invoked RoslynAnalysisRunner static constructor.
RoslynAnalysisRunner will not be running.
RoslynAnalysisRunner has terminated.
Mono: successfully reloaded assembly
- Completed reload, in  3.530 seconds
Platform modules already initialized, skipping
========================================================================
Worker process is ready to serve import requests
Shader 'Universal Render Pipeline/Particles/Lit': fallback shader 'Universal Render Pipeline/Particles/SimpleLit' not found
Shader 'Universal Render Pipeline/Particles/Lit': fallback shader 'Universal Render Pipeline/Particles/SimpleLit' not found
Launched and connected shader compiler UnityShaderCompiler.exe after 0.14 seconds
Refreshing native plugins compatible for Editor in 0.67 ms, found 0 plugins.
Preloading 0 native plugins for Editor in 0.00 ms.
Unloading 2827 Unused Serialized files (Serialized files now loaded: 0)
System memory in use before: 126.1 MB.
System memory in use after: 123.9 MB.

Unloading 59 unused Assets to reduce memory usage. Loaded Objects now: 3279.
Total: 20.092700 ms (FindLiveObjects: 0.409600 ms CreateObjectMapping: 0.086100 ms MarkObjects: 18.393000 ms  DeleteObjects: 1.202500 ms)

========================================================================
Received Import Request.
  path: Assets/Scripts/Config/Story/SCStroyConfig.cs
  artifactKey: Guid(ad5cb2452a39e704b950a58e1e21ac17) Importer(815301076,1909f56bfc062723c751e8b465ee728b)
Start importing Assets/Scripts/Config/Story/SCStroyConfig.cs using Guid(ad5cb2452a39e704b950a58e1e21ac17) Importer(815301076,1909f56bfc062723c751e8b465ee728b)  -> (artifact id: '7e253474897eac4bd09606a1cc652ecb') in 0.029230 seconds
  Import took 0.105967 seconds .

========================================================================
Received Import Request.
  Time since last request: 0.000254 seconds.
  path: Assets/Config/Story/Story1.asset
  artifactKey: Guid(025a8e5566c8e234295febe6ed369a0e) Importer(815301076,1909f56bfc062723c751e8b465ee728b)
Start importing Assets/Config/Story/Story1.asset using Guid(025a8e5566c8e234295febe6ed369a0e) Importer(815301076,1909f56bfc062723c751e8b465ee728b)  -> (artifact id: '95dab0f4f880f113651519bacb221884') in 0.012306 seconds
  Import took 0.059014 seconds .

========================================================================
Received Prepare
Registering precompiled user dll's ...
Registered in 0.005444 seconds.
Begin MonoManager ReloadAssembly
Native extension for WindowsStandalone target not found
Refreshing native plugins compatible for Editor in 0.69 ms, found 0 plugins.
Preloading 0 native plugins for Editor in 0.00 ms.
Invoked RoslynAnalysisRunner static constructor.
RoslynAnalysisRunner will not be running.
RoslynAnalysisRunner has terminated.
Mono: successfully reloaded assembly
- Completed reload, in  1.184 seconds
Platform modules already initialized, skipping
Shader 'Universal Render Pipeline/Particles/Lit': fallback shader 'Universal Render Pipeline/Particles/SimpleLit' not found
Shader 'Universal Render Pipeline/Particles/Lit': fallback shader 'Universal Render Pipeline/Particles/SimpleLit' not found
Refreshing native plugins compatible for Editor in 0.76 ms, found 0 plugins.
Preloading 0 native plugins for Editor in 0.00 ms.
Unloading 2736 Unused Serialized files (Serialized files now loaded: 0)
System memory in use before: 121.8 MB.
System memory in use after: 119.6 MB.

Unloading 54 unused Assets to reduce memory usage. Loaded Objects now: 3282.
Total: 20.692500 ms (FindLiveObjects: 0.431600 ms CreateObjectMapping: 0.075500 ms MarkObjects: 18.903000 ms  DeleteObjects: 1.280700 ms)

========================================================================
Received Import Request.
  Time since last request: 209.888202 seconds.
  path: Assets/Config/Story/Story1.asset
  artifactKey: Guid(025a8e5566c8e234295febe6ed369a0e) Importer(815301076,1909f56bfc062723c751e8b465ee728b)
Start importing Assets/Config/Story/Story1.asset using Guid(025a8e5566c8e234295febe6ed369a0e) Importer(815301076,1909f56bfc062723c751e8b465ee728b)  -> (artifact id: 'a2ab0e69ed7fc8aa8c5b17714e7f323d') in 0.017154 seconds
  Import took 0.068291 seconds .

========================================================================
Received Prepare
Registering precompiled user dll's ...
Registered in 0.004250 seconds.
Begin MonoManager ReloadAssembly
Native extension for WindowsStandalone target not found
Refreshing native plugins compatible for Editor in 0.61 ms, found 0 plugins.
Preloading 0 native plugins for Editor in 0.00 ms.
Invoked RoslynAnalysisRunner static constructor.
RoslynAnalysisRunner will not be running.
RoslynAnalysisRunner has terminated.
Mono: successfully reloaded assembly
- Completed reload, in  1.120 seconds
Platform modules already initialized, skipping
Shader 'Universal Render Pipeline/Particles/Lit': fallback shader 'Universal Render Pipeline/Particles/SimpleLit' not found
Shader 'Universal Render Pipeline/Particles/Lit': fallback shader 'Universal Render Pipeline/Particles/SimpleLit' not found
Refreshing native plugins compatible for Editor in 0.92 ms, found 0 plugins.
Preloading 0 native plugins for Editor in 0.00 ms.
Unloading 2736 Unused Serialized files (Serialized files now loaded: 0)
System memory in use before: 121.9 MB.
System memory in use after: 119.7 MB.

Unloading 54 unused Assets to reduce memory usage. Loaded Objects now: 3285.
Total: 19.535300 ms (FindLiveObjects: 0.449700 ms CreateObjectMapping: 0.083400 ms MarkObjects: 17.664100 ms  DeleteObjects: 1.336600 ms)

========================================================================
Received Prepare
Registering precompiled user dll's ...
Registered in 0.044381 seconds.
Begin MonoManager ReloadAssembly
Native extension for WindowsStandalone target not found
Refreshing native plugins compatible for Editor in 0.62 ms, found 0 plugins.
Preloading 0 native plugins for Editor in 0.00 ms.
Invoked RoslynAnalysisRunner static constructor.
RoslynAnalysisRunner will not be running.
RoslynAnalysisRunner has terminated.
Mono: successfully reloaded assembly
- Completed reload, in  1.102 seconds
Platform modules already initialized, skipping
Shader 'Universal Render Pipeline/Particles/Lit': fallback shader 'Universal Render Pipeline/Particles/SimpleLit' not found
Shader 'Universal Render Pipeline/Particles/Lit': fallback shader 'Universal Render Pipeline/Particles/SimpleLit' not found
Refreshing native plugins compatible for Editor in 0.60 ms, found 0 plugins.
Preloading 0 native plugins for Editor in 0.00 ms.
Unloading 2736 Unused Serialized files (Serialized files now loaded: 0)
System memory in use before: 121.9 MB.
System memory in use after: 119.7 MB.

Unloading 54 unused Assets to reduce memory usage. Loaded Objects now: 3288.
Total: 20.854600 ms (FindLiveObjects: 0.445700 ms CreateObjectMapping: 0.083700 ms MarkObjects: 18.762700 ms  DeleteObjects: 1.561200 ms)

========================================================================
Received Prepare
Registering precompiled user dll's ...
Registered in 0.004387 seconds.
Begin MonoManager ReloadAssembly
Native extension for WindowsStandalone target not found
Refreshing native plugins compatible for Editor in 0.87 ms, found 0 plugins.
Preloading 0 native plugins for Editor in 0.00 ms.
Invoked RoslynAnalysisRunner static constructor.
RoslynAnalysisRunner will not be running.
RoslynAnalysisRunner has terminated.
Mono: successfully reloaded assembly
- Completed reload, in  1.113 seconds
Platform modules already initialized, skipping
Shader 'Universal Render Pipeline/Particles/Lit': fallback shader 'Universal Render Pipeline/Particles/SimpleLit' not found
Shader 'Universal Render Pipeline/Particles/Lit': fallback shader 'Universal Render Pipeline/Particles/SimpleLit' not found
Refreshing native plugins compatible for Editor in 0.62 ms, found 0 plugins.
Preloading 0 native plugins for Editor in 0.00 ms.
Unloading 2736 Unused Serialized files (Serialized files now loaded: 0)
System memory in use before: 121.9 MB.
System memory in use after: 119.7 MB.

Unloading 54 unused Assets to reduce memory usage. Loaded Objects now: 3291.
Total: 20.809900 ms (FindLiveObjects: 0.392300 ms CreateObjectMapping: 0.075200 ms MarkObjects: 18.933900 ms  DeleteObjects: 1.406900 ms)

========================================================================
Received Prepare
Registering precompiled user dll's ...
Registered in 0.004626 seconds.
Begin MonoManager ReloadAssembly
Native extension for WindowsStandalone target not found
Refreshing native plugins compatible for Editor in 0.64 ms, found 0 plugins.
Preloading 0 native plugins for Editor in 0.00 ms.
Invoked RoslynAnalysisRunner static constructor.
RoslynAnalysisRunner will not be running.
RoslynAnalysisRunner has terminated.
Mono: successfully reloaded assembly
- Completed reload, in  1.130 seconds
Platform modules already initialized, skipping
Shader 'Universal Render Pipeline/Particles/Lit': fallback shader 'Universal Render Pipeline/Particles/SimpleLit' not found
Shader 'Universal Render Pipeline/Particles/Lit': fallback shader 'Universal Render Pipeline/Particles/SimpleLit' not found
Refreshing native plugins compatible for Editor in 0.92 ms, found 0 plugins.
Preloading 0 native plugins for Editor in 0.00 ms.
Unloading 2736 Unused Serialized files (Serialized files now loaded: 0)
System memory in use before: 121.9 MB.
System memory in use after: 119.7 MB.

Unloading 54 unused Assets to reduce memory usage. Loaded Objects now: 3294.
Total: 21.589800 ms (FindLiveObjects: 0.502100 ms CreateObjectMapping: 0.094300 ms MarkObjects: 19.479600 ms  DeleteObjects: 1.512300 ms)

========================================================================
Received Prepare
Registering precompiled user dll's ...
Registered in 0.005249 seconds.
Begin MonoManager ReloadAssembly
Native extension for WindowsStandalone target not found
Refreshing native plugins compatible for Editor in 0.59 ms, found 0 plugins.
Preloading 0 native plugins for Editor in 0.00 ms.
Invoked RoslynAnalysisRunner static constructor.
RoslynAnalysisRunner will not be running.
RoslynAnalysisRunner has terminated.
Mono: successfully reloaded assembly
- Completed reload, in  1.125 seconds
Platform modules already initialized, skipping
Shader 'Universal Render Pipeline/Particles/Lit': fallback shader 'Universal Render Pipeline/Particles/SimpleLit' not found
Shader 'Universal Render Pipeline/Particles/Lit': fallback shader 'Universal Render Pipeline/Particles/SimpleLit' not found
Refreshing native plugins compatible for Editor in 0.58 ms, found 0 plugins.
Preloading 0 native plugins for Editor in 0.00 ms.
Unloading 2736 Unused Serialized files (Serialized files now loaded: 0)
System memory in use before: 121.9 MB.
System memory in use after: 119.8 MB.

Unloading 54 unused Assets to reduce memory usage. Loaded Objects now: 3297.
Total: 21.156600 ms (FindLiveObjects: 0.387200 ms CreateObjectMapping: 0.117800 ms MarkObjects: 19.165100 ms  DeleteObjects: 1.484700 ms)

========================================================================
Received Prepare
Registering precompiled user dll's ...
Registered in 0.004222 seconds.
Begin MonoManager ReloadAssembly
Native extension for WindowsStandalone target not found
Refreshing native plugins compatible for Editor in 0.60 ms, found 0 plugins.
Preloading 0 native plugins for Editor in 0.00 ms.
Invoked RoslynAnalysisRunner static constructor.
RoslynAnalysisRunner will not be running.
RoslynAnalysisRunner has terminated.
Mono: successfully reloaded assembly
- Completed reload, in  1.043 seconds
Platform modules already initialized, skipping
Shader 'Universal Render Pipeline/Particles/Lit': fallback shader 'Universal Render Pipeline/Particles/SimpleLit' not found
Shader 'Universal Render Pipeline/Particles/Lit': fallback shader 'Universal Render Pipeline/Particles/SimpleLit' not found
Refreshing native plugins compatible for Editor in 0.68 ms, found 0 plugins.
Preloading 0 native plugins for Editor in 0.00 ms.
Unloading 2736 Unused Serialized files (Serialized files now loaded: 0)
System memory in use before: 122.0 MB.
System memory in use after: 119.8 MB.

Unloading 54 unused Assets to reduce memory usage. Loaded Objects now: 3300.
Total: 21.155800 ms (FindLiveObjects: 0.599700 ms CreateObjectMapping: 0.094500 ms MarkObjects: 18.951400 ms  DeleteObjects: 1.508200 ms)

========================================================================
Received Prepare
Registering precompiled user dll's ...
Registered in 0.004324 seconds.
Begin MonoManager ReloadAssembly
Native extension for WindowsStandalone target not found
Refreshing native plugins compatible for Editor in 0.88 ms, found 0 plugins.
Preloading 0 native plugins for Editor in 0.00 ms.
Invoked RoslynAnalysisRunner static constructor.
RoslynAnalysisRunner will not be running.
RoslynAnalysisRunner has terminated.
Mono: successfully reloaded assembly
- Completed reload, in  1.058 seconds
Platform modules already initialized, skipping
Shader 'Universal Render Pipeline/Particles/Lit': fallback shader 'Universal Render Pipeline/Particles/SimpleLit' not found
Shader 'Universal Render Pipeline/Particles/Lit': fallback shader 'Universal Render Pipeline/Particles/SimpleLit' not found
Refreshing native plugins compatible for Editor in 0.67 ms, found 0 plugins.
Preloading 0 native plugins for Editor in 0.00 ms.
Unloading 2736 Unused Serialized files (Serialized files now loaded: 0)
System memory in use before: 122.0 MB.
System memory in use after: 119.8 MB.

Unloading 54 unused Assets to reduce memory usage. Loaded Objects now: 3303.
Total: 20.779500 ms (FindLiveObjects: 0.371900 ms CreateObjectMapping: 0.073900 ms MarkObjects: 18.794200 ms  DeleteObjects: 1.537300 ms)

========================================================================
Received Prepare
Registering precompiled user dll's ...
Registered in 0.004346 seconds.
Begin MonoManager ReloadAssembly
Native extension for WindowsStandalone target not found
Refreshing native plugins compatible for Editor in 0.61 ms, found 0 plugins.
Preloading 0 native plugins for Editor in 0.00 ms.
Invoked RoslynAnalysisRunner static constructor.
RoslynAnalysisRunner will not be running.
RoslynAnalysisRunner has terminated.
Mono: successfully reloaded assembly
- Completed reload, in  1.077 seconds
Platform modules already initialized, skipping
Shader 'Universal Render Pipeline/Particles/Lit': fallback shader 'Universal Render Pipeline/Particles/SimpleLit' not found
Shader 'Universal Render Pipeline/Particles/Lit': fallback shader 'Universal Render Pipeline/Particles/SimpleLit' not found
Refreshing native plugins compatible for Editor in 0.77 ms, found 0 plugins.
Preloading 0 native plugins for Editor in 0.00 ms.
Unloading 2736 Unused Serialized files (Serialized files now loaded: 0)
System memory in use before: 122.0 MB.
System memory in use after: 119.8 MB.

Unloading 54 unused Assets to reduce memory usage. Loaded Objects now: 3306.
Total: 21.977100 ms (FindLiveObjects: 0.415200 ms CreateObjectMapping: 0.084300 ms MarkObjects: 19.958200 ms  DeleteObjects: 1.517200 ms)

========================================================================
Received Prepare
Registering precompiled user dll's ...
Registered in 0.005083 seconds.
Begin MonoManager ReloadAssembly
Native extension for WindowsStandalone target not found
Refreshing native plugins compatible for Editor in 0.66 ms, found 0 plugins.
Preloading 0 native plugins for Editor in 0.00 ms.
Invoked RoslynAnalysisRunner static constructor.
RoslynAnalysisRunner will not be running.
RoslynAnalysisRunner has terminated.
Mono: successfully reloaded assembly
- Completed reload, in  1.098 seconds
Platform modules already initialized, skipping
Shader 'Universal Render Pipeline/Particles/Lit': fallback shader 'Universal Render Pipeline/Particles/SimpleLit' not found
Shader 'Universal Render Pipeline/Particles/Lit': fallback shader 'Universal Render Pipeline/Particles/SimpleLit' not found
Refreshing native plugins compatible for Editor in 0.61 ms, found 0 plugins.
Preloading 0 native plugins for Editor in 0.00 ms.
Unloading 2736 Unused Serialized files (Serialized files now loaded: 0)
System memory in use before: 122.0 MB.
System memory in use after: 119.8 MB.

Unloading 54 unused Assets to reduce memory usage. Loaded Objects now: 3309.
Total: 20.557800 ms (FindLiveObjects: 0.486500 ms CreateObjectMapping: 0.081900 ms MarkObjects: 18.419300 ms  DeleteObjects: 1.568500 ms)

========================================================================
Received Import Request.
  Time since last request: 1689.081335 seconds.
  path: Assets/Config/Story/Story1.asset
  artifactKey: Guid(025a8e5566c8e234295febe6ed369a0e) Importer(815301076,1909f56bfc062723c751e8b465ee728b)
Start importing Assets/Config/Story/Story1.asset using Guid(025a8e5566c8e234295febe6ed369a0e) Importer(815301076,1909f56bfc062723c751e8b465ee728b)  -> (artifact id: 'f80ba6ef90839bab42346baa46375430') in 0.014222 seconds
  Import took 0.029002 seconds .

========================================================================
Received Import Request.
  Time since last request: 0.000655 seconds.
  path: Assets/Config/Story/Story1.asset
  artifactKey: Guid(025a8e5566c8e234295febe6ed369a0e) Importer(815301076,1909f56bfc062723c751e8b465ee728b)
Start importing Assets/Config/Story/Story1.asset using Guid(025a8e5566c8e234295febe6ed369a0e) Importer(815301076,1909f56bfc062723c751e8b465ee728b)  -> (artifact id: 'f80ba6ef90839bab42346baa46375430') in 0.002573 seconds
  Import took 0.018475 seconds .

========================================================================
Received Prepare
Registering precompiled user dll's ...
Registered in 0.004313 seconds.
Begin MonoManager ReloadAssembly
Native extension for WindowsStandalone target not found
Refreshing native plugins compatible for Editor in 0.61 ms, found 0 plugins.
Preloading 0 native plugins for Editor in 0.00 ms.
Invoked RoslynAnalysisRunner static constructor.
RoslynAnalysisRunner will not be running.
RoslynAnalysisRunner has terminated.
Mono: successfully reloaded assembly
- Completed reload, in  1.113 seconds
Platform modules already initialized, skipping
Shader 'Universal Render Pipeline/Particles/Lit': fallback shader 'Universal Render Pipeline/Particles/SimpleLit' not found
Shader 'Universal Render Pipeline/Particles/Lit': fallback shader 'Universal Render Pipeline/Particles/SimpleLit' not found
Refreshing native plugins compatible for Editor in 0.63 ms, found 0 plugins.
Preloading 0 native plugins for Editor in 0.00 ms.
Unloading 2736 Unused Serialized files (Serialized files now loaded: 0)
System memory in use before: 122.0 MB.
System memory in use after: 119.8 MB.

Unloading 54 unused Assets to reduce memory usage. Loaded Objects now: 3312.
Total: 21.933600 ms (FindLiveObjects: 0.448100 ms CreateObjectMapping: 0.069600 ms MarkObjects: 19.844100 ms  DeleteObjects: 1.569900 ms)

========================================================================
Received Prepare
Registering precompiled user dll's ...
Registered in 0.004384 seconds.
Begin MonoManager ReloadAssembly
Native extension for WindowsStandalone target not found
Refreshing native plugins compatible for Editor in 0.87 ms, found 0 plugins.
Preloading 0 native plugins for Editor in 0.00 ms.
Invoked RoslynAnalysisRunner static constructor.
RoslynAnalysisRunner will not be running.
RoslynAnalysisRunner has terminated.
Mono: successfully reloaded assembly
- Completed reload, in  1.130 seconds
Platform modules already initialized, skipping
Shader 'Universal Render Pipeline/Particles/Lit': fallback shader 'Universal Render Pipeline/Particles/SimpleLit' not found
Shader 'Universal Render Pipeline/Particles/Lit': fallback shader 'Universal Render Pipeline/Particles/SimpleLit' not found
Refreshing native plugins compatible for Editor in 0.69 ms, found 0 plugins.
Preloading 0 native plugins for Editor in 0.00 ms.
Unloading 2736 Unused Serialized files (Serialized files now loaded: 0)
System memory in use before: 122.0 MB.
System memory in use after: 119.8 MB.

Unloading 54 unused Assets to reduce memory usage. Loaded Objects now: 3315.
Total: 21.730400 ms (FindLiveObjects: 0.486300 ms CreateObjectMapping: 0.089700 ms MarkObjects: 19.505600 ms  DeleteObjects: 1.646600 ms)

========================================================================
Received Prepare
Registering precompiled user dll's ...
Registered in 0.004553 seconds.
Begin MonoManager ReloadAssembly
Native extension for WindowsStandalone target not found
Refreshing native plugins compatible for Editor in 0.63 ms, found 0 plugins.
Preloading 0 native plugins for Editor in 0.00 ms.
Invoked RoslynAnalysisRunner static constructor.
RoslynAnalysisRunner will not be running.
RoslynAnalysisRunner has terminated.
Mono: successfully reloaded assembly
- Completed reload, in  1.145 seconds
Platform modules already initialized, skipping
Shader 'Universal Render Pipeline/Particles/Lit': fallback shader 'Universal Render Pipeline/Particles/SimpleLit' not found
Shader 'Universal Render Pipeline/Particles/Lit': fallback shader 'Universal Render Pipeline/Particles/SimpleLit' not found
Refreshing native plugins compatible for Editor in 0.59 ms, found 0 plugins.
Preloading 0 native plugins for Editor in 0.00 ms.
Unloading 2736 Unused Serialized files (Serialized files now loaded: 0)
System memory in use before: 122.0 MB.
System memory in use after: 119.8 MB.

Unloading 54 unused Assets to reduce memory usage. Loaded Objects now: 3318.
Total: 23.093900 ms (FindLiveObjects: 0.543900 ms CreateObjectMapping: 0.076600 ms MarkObjects: 20.985500 ms  DeleteObjects: 1.486100 ms)

AssetImportWorkerClient::OnTransportError - code=2 error=End of file
